This file contains any messages produced by compilers while
running configure, to aid debugging if configure makes a mistake.

It was created by configure, which was
generated by GNU Autoconf 2.69.  Invocation command line was

  $ ./configure --with-htslib=/home/xwm/anaconda3/envs/SV/include/htslib

## --------- ##
## Platform. ##
## --------- ##

hostname = localhost.localdomain
uname -m = x86_64
uname -r = 3.10.0-957.el7.x86_64
uname -s = Linux
uname -v = #1 SMP Thu Nov 8 23:39:32 UTC 2018

/usr/bin/uname -p = x86_64
/bin/uname -X     = unknown

/bin/arch              = x86_64
/usr/bin/arch -k       = unknown
/usr/convex/getsysinfo = unknown
/usr/bin/hostinfo      = unknown
/bin/machine           = unknown
/usr/bin/oslevel       = unknown
/bin/universe          = unknown

PATH: /usr/local/cuda-11.1/bin
PATH: /home/xwm/pigz-2.7
PATH: /home/xwm/anaconda3/envs/SV/bin
PATH: /home/xwm/anaconda3/condabin
PATH: /usr/local/cuda-11.1/bin
PATH: /usr/local/bin
PATH: /usr/bin
PATH: /usr/local/sbin
PATH: /usr/sbin
PATH: /root/chuhao/phage_finder/bin
PATH: /root/miniconda3/bin
PATH: /root/chuhao/phage_finder_v2.1/bin
PATH: /root/chuhao/perl/perl/bin
PATH: /usr/local/ffmpeg/bin
PATH: /home/xwm/.local/bin
PATH: /home/xwm/bin


## ----------- ##
## Core tests. ##
## ----------- ##

configure:2147: checking for gawk
configure:2163: found /usr/bin/gawk
configure:2174: result: gawk
configure:2233: checking for gcc
configure:2249: found /usr/bin/gcc
configure:2260: result: gcc
configure:2489: checking for C compiler version
configure:2498: gcc --version >&5
gcc (GCC) 5.1.0
Copyright (C) 2015 Free Software Foundation, Inc.
This is free software; see the source for copying conditions.  There is NO
warranty; not even for MERCHANTABILITY or FITNESS FOR A PARTICULAR PURPOSE.

configure:2509: $? = 0
configure:2498: gcc -v >&5
Using built-in specs.
COLLECT_GCC=gcc
COLLECT_LTO_WRAPPER=/usr/gcc/libexec/gcc/x86_64-unknown-linux-gnu/5.1.0/lto-wrapper
Target: x86_64-unknown-linux-gnu
Configured with: ./configure --prefix=/usr/gcc --enable-languages=c,c++ --with-gmp=/usr/gmp-4.3.2 --with-mpfr=/usr/mpfr-2.4.2 --with-mpc=/usr/mpc-0.8.1 --disable-multilib
Thread model: posix
gcc version 5.1.0 (GCC) 
configure:2509: $? = 0
configure:2498: gcc -V >&5
gcc: error: unrecognized command line option '-V'
gcc: fatal error: no input files
compilation terminated.
configure:2509: $? = 1
configure:2498: gcc -qversion >&5
gcc: error: unrecognized command line option '-qversion'
gcc: fatal error: no input files
compilation terminated.
configure:2509: $? = 1
configure:2529: checking whether the C compiler works
configure:2551: gcc    conftest.c  >&5
configure:2555: $? = 0
configure:2603: result: yes
configure:2606: checking for C compiler default output file name
configure:2608: result: a.out
configure:2614: checking for suffix of executables
configure:2621: gcc -o conftest    conftest.c  >&5
configure:2625: $? = 0
configure:2647: result: 
configure:2669: checking whether we are cross compiling
configure:2677: gcc -o conftest    conftest.c  >&5
configure:2681: $? = 0
configure:2688: ./conftest
configure:2692: $? = 0
configure:2707: result: no
configure:2712: checking for suffix of object files
configure:2734: gcc -c   conftest.c >&5
configure:2738: $? = 0
configure:2759: result: o
configure:2763: checking whether we are using the GNU C compiler
configure:2782: gcc -c   conftest.c >&5
configure:2782: $? = 0
configure:2791: result: yes
configure:2800: checking whether gcc accepts -g
configure:2820: gcc -c -g  conftest.c >&5
configure:2820: $? = 0
configure:2861: result: yes
configure:2878: checking for gcc option to accept ISO C89
configure:2941: gcc  -c -g -O2  conftest.c >&5
configure:2941: $? = 0
configure:2954: result: none needed
configure:2975: checking for grep that handles long lines and -e
configure:3033: result: /usr/bin/grep
configure:3058: checking for C compiler warning flags
configure:3170: result: -Wall
configure:3264: checking for special C compiler options needed for large files
configure:3309: result: no
configure:3315: checking for _FILE_OFFSET_BITS value needed for large files
configure:3340: gcc -c  -Wall -g -O2  conftest.c >&5
configure:3340: $? = 0
configure:3372: result: no
configure:3640: checking for htslib/sam.h
configure:3640: gcc -c  -Wall -g -O2  -I/home/xwm/anaconda3/envs/SV/include/htslib/include conftest.c >&5
conftest.c:11:24: fatal error: htslib/sam.h: No such file or directory
compilation terminated.
configure:3640: $? = 1
configure: failed program was:
| /* confdefs.h */
| #define PACKAGE_NAME ""
| #define PACKAGE_TARNAME ""
| #define PACKAGE_VERSION ""
| #define PACKAGE_STRING ""
| #define PACKAGE_BUGREPORT ""
| #define PACKAGE_URL ""
| /* end confdefs.h.  */
| ;
| 
| #include <htslib/sam.h>
configure:3640: result: no
configure:3703: error: HTSlib development files not found

Samtools uses HTSlib to parse bioinformatics file formats etc.  Building it
requires an unpacked HTSlib source tree (which will be built in conjunction
with samtools) or a previously-installed HTSlib.  In either case you may
need to configure --with-htslib=DIR to locate the appropriate HTSlib.

FAILED.  You must supply an HTSlib in order to build samtools successfully.

## ---------------- ##
## Cache variables. ##
## ---------------- ##

ac_cv_c_compiler_gnu=yes
ac_cv_env_CC_set=
ac_cv_env_CC_value=
ac_cv_env_CFLAGS_set=
ac_cv_env_CFLAGS_value=
ac_cv_env_CPPFLAGS_set=
ac_cv_env_CPPFLAGS_value=
ac_cv_env_CURSES_LIB_set=
ac_cv_env_CURSES_LIB_value=
ac_cv_env_LDFLAGS_set=
ac_cv_env_LDFLAGS_value=
ac_cv_env_LIBS_set=
ac_cv_env_LIBS_value=
ac_cv_env_build_alias_set=
ac_cv_env_build_alias_value=
ac_cv_env_host_alias_set=
ac_cv_env_host_alias_value=
ac_cv_env_target_alias_set=
ac_cv_env_target_alias_value=
ac_cv_header_htslib_sam_h=no
ac_cv_objext=o
ac_cv_path_GREP=/usr/bin/grep
ac_cv_prog_AWK=gawk
ac_cv_prog_ac_ct_CC=gcc
ac_cv_prog_cc_c89=
ac_cv_prog_cc_g=yes
ac_cv_sys_file_offset_bits=no
ac_cv_sys_largefile_CC=no
ax_cv_htslib=no
ax_cv_htslib_which=install
hts_cv_prog_cc_warnings=-Wall

## ----------------- ##
## Output variables. ##
## ----------------- ##

AWK='gawk'
CC='gcc'
CFLAGS=' -Wall -g -O2'
CPPFLAGS=''
CURSES_LIB=''
DEFS=''
ECHO_C=''
ECHO_N='-n'
ECHO_T=''
EXEEXT=''
GREP='/usr/bin/grep'
HTSDIR=''
HTSLIB_CPPFLAGS='-I/home/xwm/anaconda3/envs/SV/include/htslib/include'
HTSLIB_LDFLAGS='-L/home/xwm/anaconda3/envs/SV/include/htslib/lib'
Hinstall=''
Hsource=''
LDFLAGS=''
LIBOBJS=''
LIBS=''
LTLIBOBJS=''
OBJEXT='o'
PACKAGE_BUGREPORT=''
PACKAGE_NAME=''
PACKAGE_STRING=''
PACKAGE_TARNAME=''
PACKAGE_URL=''
PACKAGE_VERSION=''
PATH_SEPARATOR=':'
SHELL='/bin/sh'
ac_ct_CC='gcc'
bindir='${exec_prefix}/bin'
build_alias=''
datadir='${datarootdir}'
datarootdir='${prefix}/share'
docdir='${datarootdir}/doc/${PACKAGE}'
dvidir='${docdir}'
exec_prefix='NONE'
host_alias=''
htmldir='${docdir}'
includedir='${prefix}/include'
infodir='${datarootdir}/info'
libdir='${exec_prefix}/lib'
libexecdir='${exec_prefix}/libexec'
localedir='${datarootdir}/locale'
localstatedir='${prefix}/var'
mandir='${datarootdir}/man'
oldincludedir='/usr/include'
pdfdir='${docdir}'
prefix='NONE'
program_transform_name='s,x,x,'
psdir='${docdir}'
sbindir='${exec_prefix}/sbin'
sharedstatedir='${prefix}/com'
subdirs=''
sysconfdir='${prefix}/etc'
target_alias=''

## ----------- ##
## confdefs.h. ##
## ----------- ##

/* confdefs.h */
#define PACKAGE_NAME ""
#define PACKAGE_TARNAME ""
#define PACKAGE_VERSION ""
#define PACKAGE_STRING ""
#define PACKAGE_BUGREPORT ""
#define PACKAGE_URL ""

configure: exit 1
