The system is: Linux - 3.10.0-957.el7.x86_64 - x86_64
Compiling the C compiler identification source file "CMakeCCompilerId.c" succeeded.
Compiler: /usr/bin/cc 
Build flags: 
Id flags:  

The output was:
0


Compilation of the C compiler identification source "CMakeCCompilerId.c" produced "a.out"

The C compiler identification is GNU, found in "/home/xwm/DeepSVFilter/code/build/CMakeFiles/3.20.3/CompilerIdC/a.out"

Compiling the CXX compiler identification source file "CMakeCXXCompilerId.cpp" succeeded.
Compiler: /usr/bin/c++ 
Build flags: 
Id flags:  

The output was:
0


Compilation of the CXX compiler identification source "CMakeCXXCompilerId.cpp" produced "a.out"

The CXX compiler identification is GNU, found in "/home/xwm/DeepSVFilter/code/build/CMakeFiles/3.20.3/CompilerIdCXX/a.out"

Detecting C compiler ABI info compiled with the following output:
Change Dir: /home/xwm/DeepSVFilter/code/build/CMakeFiles/CMakeTmp

Run Build Command(s):/usr/bin/gmake -f Makefile cmTC_e4cba/fast && /usr/bin/gmake  -f CMakeFiles/cmTC_e4cba.dir/build.make CMakeFiles/cmTC_e4cba.dir/build
gmake[1]: Entering directory `/home/xwm/DeepSVFilter/code/build/CMakeFiles/CMakeTmp'
Building C object CMakeFiles/cmTC_e4cba.dir/CMakeCCompilerABI.c.o
/usr/bin/cc   -v -o CMakeFiles/cmTC_e4cba.dir/CMakeCCompilerABI.c.o -c /usr/local/share/cmake-3.20/Modules/CMakeCCompilerABI.c
Using built-in specs.
COLLECT_GCC=/usr/bin/cc
Target: x86_64-unknown-linux-gnu
Configured with: ./configure --prefix=/usr/gcc --enable-languages=c,c++ --with-gmp=/usr/gmp-4.3.2 --with-mpfr=/usr/mpfr-2.4.2 --with-mpc=/usr/mpc-0.8.1 --disable-multilib
Thread model: posix
gcc version 5.1.0 (GCC) 
COLLECT_GCC_OPTIONS='-v' '-o' 'CMakeFiles/cmTC_e4cba.dir/CMakeCCompilerABI.c.o' '-c' '-mtune=generic' '-march=x86-64'
 /usr/gcc/libexec/gcc/x86_64-unknown-linux-gnu/5.1.0/cc1 -quiet -v /usr/local/share/cmake-3.20/Modules/CMakeCCompilerABI.c -quiet -dumpbase CMakeCCompilerABI.c -mtune=generic -march=x86-64 -auxbase-strip CMakeFiles/cmTC_e4cba.dir/CMakeCCompilerABI.c.o -version -o /tmp/ccQQMmtR.s
GNU C11 (GCC) version 5.1.0 (x86_64-unknown-linux-gnu)
	compiled by GNU C version 5.1.0, GMP version 4.3.2, MPFR version 2.4.2, MPC version 0.8.1
GGC heuristics: --param ggc-min-expand=100 --param ggc-min-heapsize=131072
ignoring nonexistent directory "/usr/gcc/lib/gcc/x86_64-unknown-linux-gnu/5.1.0/../../../../x86_64-unknown-linux-gnu/include"
#include "..." search starts here:
#include <...> search starts here:
 /usr/gcc/lib/gcc/x86_64-unknown-linux-gnu/5.1.0/include
 /usr/local/include
 /usr/gcc/include
 /usr/gcc/lib/gcc/x86_64-unknown-linux-gnu/5.1.0/include-fixed
 /usr/include
End of search list.
GNU C11 (GCC) version 5.1.0 (x86_64-unknown-linux-gnu)
	compiled by GNU C version 5.1.0, GMP version 4.3.2, MPFR version 2.4.2, MPC version 0.8.1
GGC heuristics: --param ggc-min-expand=100 --param ggc-min-heapsize=131072
Compiler executable checksum: 0b1c497bc5309da9a6af11d3761954d3
COLLECT_GCC_OPTIONS='-v' '-o' 'CMakeFiles/cmTC_e4cba.dir/CMakeCCompilerABI.c.o' '-c' '-mtune=generic' '-march=x86-64'
 as -v --64 -o CMakeFiles/cmTC_e4cba.dir/CMakeCCompilerABI.c.o /tmp/ccQQMmtR.s
GNU assembler version 2.27 (x86_64-redhat-linux) using BFD version version 2.27-34.base.el7
COMPILER_PATH=/usr/gcc/libexec/gcc/x86_64-unknown-linux-gnu/5.1.0/:/usr/gcc/libexec/gcc/x86_64-unknown-linux-gnu/5.1.0/:/usr/gcc/libexec/gcc/x86_64-unknown-linux-gnu/:/usr/gcc/lib/gcc/x86_64-unknown-linux-gnu/5.1.0/:/usr/gcc/lib/gcc/x86_64-unknown-linux-gnu/
LIBRARY_PATH=/usr/gcc/lib/gcc/x86_64-unknown-linux-gnu/5.1.0/:/usr/gcc/lib/gcc/x86_64-unknown-linux-gnu/5.1.0/../../../../lib64/:/lib/../lib64/:/usr/lib/../lib64/:/usr/gcc/lib/gcc/x86_64-unknown-linux-gnu/5.1.0/../../../:/lib/:/usr/lib/
COLLECT_GCC_OPTIONS='-v' '-o' 'CMakeFiles/cmTC_e4cba.dir/CMakeCCompilerABI.c.o' '-c' '-mtune=generic' '-march=x86-64'
Linking C executable cmTC_e4cba
/usr/local/bin/cmake -E cmake_link_script CMakeFiles/cmTC_e4cba.dir/link.txt --verbose=1
/usr/bin/cc  -v -rdynamic CMakeFiles/cmTC_e4cba.dir/CMakeCCompilerABI.c.o -o cmTC_e4cba 
Using built-in specs.
COLLECT_GCC=/usr/bin/cc
COLLECT_LTO_WRAPPER=/usr/gcc/libexec/gcc/x86_64-unknown-linux-gnu/5.1.0/lto-wrapper
Target: x86_64-unknown-linux-gnu
Configured with: ./configure --prefix=/usr/gcc --enable-languages=c,c++ --with-gmp=/usr/gmp-4.3.2 --with-mpfr=/usr/mpfr-2.4.2 --with-mpc=/usr/mpc-0.8.1 --disable-multilib
Thread model: posix
gcc version 5.1.0 (GCC) 
COMPILER_PATH=/usr/gcc/libexec/gcc/x86_64-unknown-linux-gnu/5.1.0/:/usr/gcc/libexec/gcc/x86_64-unknown-linux-gnu/5.1.0/:/usr/gcc/libexec/gcc/x86_64-unknown-linux-gnu/:/usr/gcc/lib/gcc/x86_64-unknown-linux-gnu/5.1.0/:/usr/gcc/lib/gcc/x86_64-unknown-linux-gnu/
LIBRARY_PATH=/usr/gcc/lib/gcc/x86_64-unknown-linux-gnu/5.1.0/:/usr/gcc/lib/gcc/x86_64-unknown-linux-gnu/5.1.0/../../../../lib64/:/lib/../lib64/:/usr/lib/../lib64/:/usr/gcc/lib/gcc/x86_64-unknown-linux-gnu/5.1.0/../../../:/lib/:/usr/lib/
COLLECT_GCC_OPTIONS='-v' '-rdynamic' '-o' 'cmTC_e4cba' '-mtune=generic' '-march=x86-64'
 /usr/gcc/libexec/gcc/x86_64-unknown-linux-gnu/5.1.0/collect2 -plugin /usr/gcc/libexec/gcc/x86_64-unknown-linux-gnu/5.1.0/liblto_plugin.so -plugin-opt=/usr/gcc/libexec/gcc/x86_64-unknown-linux-gnu/5.1.0/lto-wrapper -plugin-opt=-fresolution=/tmp/cczXabtV.res -plugin-opt=-pass-through=-lgcc -plugin-opt=-pass-through=-lgcc_s -plugin-opt=-pass-through=-lc -plugin-opt=-pass-through=-lgcc -plugin-opt=-pass-through=-lgcc_s --eh-frame-hdr -m elf_x86_64 -export-dynamic -dynamic-linker /lib64/ld-linux-x86-64.so.2 -o cmTC_e4cba /lib/../lib64/crt1.o /lib/../lib64/crti.o /usr/gcc/lib/gcc/x86_64-unknown-linux-gnu/5.1.0/crtbegin.o -L/usr/gcc/lib/gcc/x86_64-unknown-linux-gnu/5.1.0 -L/usr/gcc/lib/gcc/x86_64-unknown-linux-gnu/5.1.0/../../../../lib64 -L/lib/../lib64 -L/usr/lib/../lib64 -L/usr/gcc/lib/gcc/x86_64-unknown-linux-gnu/5.1.0/../../.. CMakeFiles/cmTC_e4cba.dir/CMakeCCompilerABI.c.o -lgcc --as-needed -lgcc_s --no-as-needed -lc -lgcc --as-needed -lgcc_s --no-as-needed /usr/gcc/lib/gcc/x86_64-unknown-linux-gnu/5.1.0/crtend.o /lib/../lib64/crtn.o
gmake[1]: Leaving directory `/home/xwm/DeepSVFilter/code/build/CMakeFiles/CMakeTmp'



Parsed C implicit include dir info from above output: rv=done
  found start of include info
  found start of implicit include info
    add: [/usr/gcc/lib/gcc/x86_64-unknown-linux-gnu/5.1.0/include]
    add: [/usr/local/include]
    add: [/usr/gcc/include]
    add: [/usr/gcc/lib/gcc/x86_64-unknown-linux-gnu/5.1.0/include-fixed]
    add: [/usr/include]
  end of search list found
  collapse include dir [/usr/gcc/lib/gcc/x86_64-unknown-linux-gnu/5.1.0/include] ==> [/usr/gcc/lib/gcc/x86_64-unknown-linux-gnu/5.1.0/include]
  collapse include dir [/usr/local/include] ==> [/usr/local/include]
  collapse include dir [/usr/gcc/include] ==> [/usr/gcc/include]
  collapse include dir [/usr/gcc/lib/gcc/x86_64-unknown-linux-gnu/5.1.0/include-fixed] ==> [/usr/gcc/lib/gcc/x86_64-unknown-linux-gnu/5.1.0/include-fixed]
  collapse include dir [/usr/include] ==> [/usr/include]
  implicit include dirs: [/usr/gcc/lib/gcc/x86_64-unknown-linux-gnu/5.1.0/include;/usr/local/include;/usr/gcc/include;/usr/gcc/lib/gcc/x86_64-unknown-linux-gnu/5.1.0/include-fixed;/usr/include]


Parsed C implicit link information from above output:
  link line regex: [^( *|.*[/\])(ld|CMAKE_LINK_STARTFILE-NOTFOUND|([^/\]+-)?ld|collect2)[^/\]*( |$)]
  ignore line: [Change Dir: /home/xwm/DeepSVFilter/code/build/CMakeFiles/CMakeTmp]
  ignore line: []
  ignore line: [Run Build Command(s):/usr/bin/gmake -f Makefile cmTC_e4cba/fast && /usr/bin/gmake  -f CMakeFiles/cmTC_e4cba.dir/build.make CMakeFiles/cmTC_e4cba.dir/build]
  ignore line: [gmake[1]: Entering directory `/home/xwm/DeepSVFilter/code/build/CMakeFiles/CMakeTmp']
  ignore line: [Building C object CMakeFiles/cmTC_e4cba.dir/CMakeCCompilerABI.c.o]
  ignore line: [/usr/bin/cc   -v -o CMakeFiles/cmTC_e4cba.dir/CMakeCCompilerABI.c.o -c /usr/local/share/cmake-3.20/Modules/CMakeCCompilerABI.c]
  ignore line: [Using built-in specs.]
  ignore line: [COLLECT_GCC=/usr/bin/cc]
  ignore line: [Target: x86_64-unknown-linux-gnu]
  ignore line: [Configured with: ./configure --prefix=/usr/gcc --enable-languages=c c++ --with-gmp=/usr/gmp-4.3.2 --with-mpfr=/usr/mpfr-2.4.2 --with-mpc=/usr/mpc-0.8.1 --disable-multilib]
  ignore line: [Thread model: posix]
  ignore line: [gcc version 5.1.0 (GCC) ]
  ignore line: [COLLECT_GCC_OPTIONS='-v' '-o' 'CMakeFiles/cmTC_e4cba.dir/CMakeCCompilerABI.c.o' '-c' '-mtune=generic' '-march=x86-64']
  ignore line: [ /usr/gcc/libexec/gcc/x86_64-unknown-linux-gnu/5.1.0/cc1 -quiet -v /usr/local/share/cmake-3.20/Modules/CMakeCCompilerABI.c -quiet -dumpbase CMakeCCompilerABI.c -mtune=generic -march=x86-64 -auxbase-strip CMakeFiles/cmTC_e4cba.dir/CMakeCCompilerABI.c.o -version -o /tmp/ccQQMmtR.s]
  ignore line: [GNU C11 (GCC) version 5.1.0 (x86_64-unknown-linux-gnu)]
  ignore line: [	compiled by GNU C version 5.1.0  GMP version 4.3.2  MPFR version 2.4.2  MPC version 0.8.1]
  ignore line: [GGC heuristics: --param ggc-min-expand=100 --param ggc-min-heapsize=131072]
  ignore line: [ignoring nonexistent directory "/usr/gcc/lib/gcc/x86_64-unknown-linux-gnu/5.1.0/../../../../x86_64-unknown-linux-gnu/include"]
  ignore line: [#include "..." search starts here:]
  ignore line: [#include <...> search starts here:]
  ignore line: [ /usr/gcc/lib/gcc/x86_64-unknown-linux-gnu/5.1.0/include]
  ignore line: [ /usr/local/include]
  ignore line: [ /usr/gcc/include]
  ignore line: [ /usr/gcc/lib/gcc/x86_64-unknown-linux-gnu/5.1.0/include-fixed]
  ignore line: [ /usr/include]
  ignore line: [End of search list.]
  ignore line: [GNU C11 (GCC) version 5.1.0 (x86_64-unknown-linux-gnu)]
  ignore line: [	compiled by GNU C version 5.1.0  GMP version 4.3.2  MPFR version 2.4.2  MPC version 0.8.1]
  ignore line: [GGC heuristics: --param ggc-min-expand=100 --param ggc-min-heapsize=131072]
  ignore line: [Compiler executable checksum: 0b1c497bc5309da9a6af11d3761954d3]
  ignore line: [COLLECT_GCC_OPTIONS='-v' '-o' 'CMakeFiles/cmTC_e4cba.dir/CMakeCCompilerABI.c.o' '-c' '-mtune=generic' '-march=x86-64']
  ignore line: [ as -v --64 -o CMakeFiles/cmTC_e4cba.dir/CMakeCCompilerABI.c.o /tmp/ccQQMmtR.s]
  ignore line: [GNU assembler version 2.27 (x86_64-redhat-linux) using BFD version version 2.27-34.base.el7]
  ignore line: [COMPILER_PATH=/usr/gcc/libexec/gcc/x86_64-unknown-linux-gnu/5.1.0/:/usr/gcc/libexec/gcc/x86_64-unknown-linux-gnu/5.1.0/:/usr/gcc/libexec/gcc/x86_64-unknown-linux-gnu/:/usr/gcc/lib/gcc/x86_64-unknown-linux-gnu/5.1.0/:/usr/gcc/lib/gcc/x86_64-unknown-linux-gnu/]
  ignore line: [LIBRARY_PATH=/usr/gcc/lib/gcc/x86_64-unknown-linux-gnu/5.1.0/:/usr/gcc/lib/gcc/x86_64-unknown-linux-gnu/5.1.0/../../../../lib64/:/lib/../lib64/:/usr/lib/../lib64/:/usr/gcc/lib/gcc/x86_64-unknown-linux-gnu/5.1.0/../../../:/lib/:/usr/lib/]
  ignore line: [COLLECT_GCC_OPTIONS='-v' '-o' 'CMakeFiles/cmTC_e4cba.dir/CMakeCCompilerABI.c.o' '-c' '-mtune=generic' '-march=x86-64']
  ignore line: [Linking C executable cmTC_e4cba]
  ignore line: [/usr/local/bin/cmake -E cmake_link_script CMakeFiles/cmTC_e4cba.dir/link.txt --verbose=1]
  ignore line: [/usr/bin/cc  -v -rdynamic CMakeFiles/cmTC_e4cba.dir/CMakeCCompilerABI.c.o -o cmTC_e4cba ]
  ignore line: [Using built-in specs.]
  ignore line: [COLLECT_GCC=/usr/bin/cc]
  ignore line: [COLLECT_LTO_WRAPPER=/usr/gcc/libexec/gcc/x86_64-unknown-linux-gnu/5.1.0/lto-wrapper]
  ignore line: [Target: x86_64-unknown-linux-gnu]
  ignore line: [Configured with: ./configure --prefix=/usr/gcc --enable-languages=c c++ --with-gmp=/usr/gmp-4.3.2 --with-mpfr=/usr/mpfr-2.4.2 --with-mpc=/usr/mpc-0.8.1 --disable-multilib]
  ignore line: [Thread model: posix]
  ignore line: [gcc version 5.1.0 (GCC) ]
  ignore line: [COMPILER_PATH=/usr/gcc/libexec/gcc/x86_64-unknown-linux-gnu/5.1.0/:/usr/gcc/libexec/gcc/x86_64-unknown-linux-gnu/5.1.0/:/usr/gcc/libexec/gcc/x86_64-unknown-linux-gnu/:/usr/gcc/lib/gcc/x86_64-unknown-linux-gnu/5.1.0/:/usr/gcc/lib/gcc/x86_64-unknown-linux-gnu/]
  ignore line: [LIBRARY_PATH=/usr/gcc/lib/gcc/x86_64-unknown-linux-gnu/5.1.0/:/usr/gcc/lib/gcc/x86_64-unknown-linux-gnu/5.1.0/../../../../lib64/:/lib/../lib64/:/usr/lib/../lib64/:/usr/gcc/lib/gcc/x86_64-unknown-linux-gnu/5.1.0/../../../:/lib/:/usr/lib/]
  ignore line: [COLLECT_GCC_OPTIONS='-v' '-rdynamic' '-o' 'cmTC_e4cba' '-mtune=generic' '-march=x86-64']
  link line: [ /usr/gcc/libexec/gcc/x86_64-unknown-linux-gnu/5.1.0/collect2 -plugin /usr/gcc/libexec/gcc/x86_64-unknown-linux-gnu/5.1.0/liblto_plugin.so -plugin-opt=/usr/gcc/libexec/gcc/x86_64-unknown-linux-gnu/5.1.0/lto-wrapper -plugin-opt=-fresolution=/tmp/cczXabtV.res -plugin-opt=-pass-through=-lgcc -plugin-opt=-pass-through=-lgcc_s -plugin-opt=-pass-through=-lc -plugin-opt=-pass-through=-lgcc -plugin-opt=-pass-through=-lgcc_s --eh-frame-hdr -m elf_x86_64 -export-dynamic -dynamic-linker /lib64/ld-linux-x86-64.so.2 -o cmTC_e4cba /lib/../lib64/crt1.o /lib/../lib64/crti.o /usr/gcc/lib/gcc/x86_64-unknown-linux-gnu/5.1.0/crtbegin.o -L/usr/gcc/lib/gcc/x86_64-unknown-linux-gnu/5.1.0 -L/usr/gcc/lib/gcc/x86_64-unknown-linux-gnu/5.1.0/../../../../lib64 -L/lib/../lib64 -L/usr/lib/../lib64 -L/usr/gcc/lib/gcc/x86_64-unknown-linux-gnu/5.1.0/../../.. CMakeFiles/cmTC_e4cba.dir/CMakeCCompilerABI.c.o -lgcc --as-needed -lgcc_s --no-as-needed -lc -lgcc --as-needed -lgcc_s --no-as-needed /usr/gcc/lib/gcc/x86_64-unknown-linux-gnu/5.1.0/crtend.o /lib/../lib64/crtn.o]
    arg [/usr/gcc/libexec/gcc/x86_64-unknown-linux-gnu/5.1.0/collect2] ==> ignore
    arg [-plugin] ==> ignore
    arg [/usr/gcc/libexec/gcc/x86_64-unknown-linux-gnu/5.1.0/liblto_plugin.so] ==> ignore
    arg [-plugin-opt=/usr/gcc/libexec/gcc/x86_64-unknown-linux-gnu/5.1.0/lto-wrapper] ==> ignore
    arg [-plugin-opt=-fresolution=/tmp/cczXabtV.res] ==> ignore
    arg [-plugin-opt=-pass-through=-lgcc] ==> ignore
    arg [-plugin-opt=-pass-through=-lgcc_s] ==> ignore
    arg [-plugin-opt=-pass-through=-lc] ==> ignore
    arg [-plugin-opt=-pass-through=-lgcc] ==> ignore
    arg [-plugin-opt=-pass-through=-lgcc_s] ==> ignore
    arg [--eh-frame-hdr] ==> ignore
    arg [-m] ==> ignore
    arg [elf_x86_64] ==> ignore
    arg [-export-dynamic] ==> ignore
    arg [-dynamic-linker] ==> ignore
    arg [/lib64/ld-linux-x86-64.so.2] ==> ignore
    arg [-o] ==> ignore
    arg [cmTC_e4cba] ==> ignore
    arg [/lib/../lib64/crt1.o] ==> obj [/lib/../lib64/crt1.o]
    arg [/lib/../lib64/crti.o] ==> obj [/lib/../lib64/crti.o]
    arg [/usr/gcc/lib/gcc/x86_64-unknown-linux-gnu/5.1.0/crtbegin.o] ==> obj [/usr/gcc/lib/gcc/x86_64-unknown-linux-gnu/5.1.0/crtbegin.o]
    arg [-L/usr/gcc/lib/gcc/x86_64-unknown-linux-gnu/5.1.0] ==> dir [/usr/gcc/lib/gcc/x86_64-unknown-linux-gnu/5.1.0]
    arg [-L/usr/gcc/lib/gcc/x86_64-unknown-linux-gnu/5.1.0/../../../../lib64] ==> dir [/usr/gcc/lib/gcc/x86_64-unknown-linux-gnu/5.1.0/../../../../lib64]
    arg [-L/lib/../lib64] ==> dir [/lib/../lib64]
    arg [-L/usr/lib/../lib64] ==> dir [/usr/lib/../lib64]
    arg [-L/usr/gcc/lib/gcc/x86_64-unknown-linux-gnu/5.1.0/../../..] ==> dir [/usr/gcc/lib/gcc/x86_64-unknown-linux-gnu/5.1.0/../../..]
    arg [CMakeFiles/cmTC_e4cba.dir/CMakeCCompilerABI.c.o] ==> ignore
    arg [-lgcc] ==> lib [gcc]
    arg [--as-needed] ==> ignore
    arg [-lgcc_s] ==> lib [gcc_s]
    arg [--no-as-needed] ==> ignore
    arg [-lc] ==> lib [c]
    arg [-lgcc] ==> lib [gcc]
    arg [--as-needed] ==> ignore
    arg [-lgcc_s] ==> lib [gcc_s]
    arg [--no-as-needed] ==> ignore
    arg [/usr/gcc/lib/gcc/x86_64-unknown-linux-gnu/5.1.0/crtend.o] ==> obj [/usr/gcc/lib/gcc/x86_64-unknown-linux-gnu/5.1.0/crtend.o]
    arg [/lib/../lib64/crtn.o] ==> obj [/lib/../lib64/crtn.o]
  collapse obj [/lib/../lib64/crt1.o] ==> [/lib64/crt1.o]
  collapse obj [/lib/../lib64/crti.o] ==> [/lib64/crti.o]
  collapse obj [/lib/../lib64/crtn.o] ==> [/lib64/crtn.o]
  collapse library dir [/usr/gcc/lib/gcc/x86_64-unknown-linux-gnu/5.1.0] ==> [/usr/gcc/lib/gcc/x86_64-unknown-linux-gnu/5.1.0]
  collapse library dir [/usr/gcc/lib/gcc/x86_64-unknown-linux-gnu/5.1.0/../../../../lib64] ==> [/usr/gcc/lib64]
  collapse library dir [/lib/../lib64] ==> [/lib64]
  collapse library dir [/usr/lib/../lib64] ==> [/usr/lib64]
  collapse library dir [/usr/gcc/lib/gcc/x86_64-unknown-linux-gnu/5.1.0/../../..] ==> [/usr/gcc/lib]
  implicit libs: [gcc;gcc_s;c;gcc;gcc_s]
  implicit objs: [/lib64/crt1.o;/lib64/crti.o;/usr/gcc/lib/gcc/x86_64-unknown-linux-gnu/5.1.0/crtbegin.o;/usr/gcc/lib/gcc/x86_64-unknown-linux-gnu/5.1.0/crtend.o;/lib64/crtn.o]
  implicit dirs: [/usr/gcc/lib/gcc/x86_64-unknown-linux-gnu/5.1.0;/usr/gcc/lib64;/lib64;/usr/lib64;/usr/gcc/lib]
  implicit fwks: []


Detecting CXX compiler ABI info compiled with the following output:
Change Dir: /home/xwm/DeepSVFilter/code/build/CMakeFiles/CMakeTmp

Run Build Command(s):/usr/bin/gmake -f Makefile cmTC_fce36/fast && /usr/bin/gmake  -f CMakeFiles/cmTC_fce36.dir/build.make CMakeFiles/cmTC_fce36.dir/build
gmake[1]: Entering directory `/home/xwm/DeepSVFilter/code/build/CMakeFiles/CMakeTmp'
Building CXX object CMakeFiles/cmTC_fce36.dir/CMakeCXXCompilerABI.cpp.o
/usr/bin/c++   -v -o CMakeFiles/cmTC_fce36.dir/CMakeCXXCompilerABI.cpp.o -c /usr/local/share/cmake-3.20/Modules/CMakeCXXCompilerABI.cpp
Using built-in specs.
COLLECT_GCC=/usr/bin/c++
Target: x86_64-redhat-linux
Configured with: ../configure --prefix=/usr --mandir=/usr/share/man --infodir=/usr/share/info --with-bugurl=http://bugzilla.redhat.com/bugzilla --enable-bootstrap --enable-shared --enable-threads=posix --enable-checking=release --with-system-zlib --enable-__cxa_atexit --disable-libunwind-exceptions --enable-gnu-unique-object --enable-linker-build-id --with-linker-hash-style=gnu --enable-languages=c,c++,objc,obj-c++,java,fortran,ada,go,lto --enable-plugin --enable-initfini-array --disable-libgcj --with-isl=/builddir/build/BUILD/gcc-4.8.5-20150702/obj-x86_64-redhat-linux/isl-install --with-cloog=/builddir/build/BUILD/gcc-4.8.5-20150702/obj-x86_64-redhat-linux/cloog-install --enable-gnu-indirect-function --with-tune=generic --with-arch_32=x86-64 --build=x86_64-redhat-linux
Thread model: posix
gcc version 4.8.5 20150623 (Red Hat 4.8.5-44) (GCC) 
COLLECT_GCC_OPTIONS='-v' '-o' 'CMakeFiles/cmTC_fce36.dir/CMakeCXXCompilerABI.cpp.o' '-c' '-shared-libgcc' '-mtune=generic' '-march=x86-64'
 /usr/libexec/gcc/x86_64-redhat-linux/4.8.5/cc1plus -quiet -v -D_GNU_SOURCE /usr/local/share/cmake-3.20/Modules/CMakeCXXCompilerABI.cpp -quiet -dumpbase CMakeCXXCompilerABI.cpp -mtune=generic -march=x86-64 -auxbase-strip CMakeFiles/cmTC_fce36.dir/CMakeCXXCompilerABI.cpp.o -version -o /tmp/ccoRMf02.s
GNU C++ (GCC) version 4.8.5 20150623 (Red Hat 4.8.5-44) (x86_64-redhat-linux)
	compiled by GNU C version 4.8.5 20150623 (Red Hat 4.8.5-44), GMP version 6.0.0, MPFR version 3.1.1, MPC version 1.0.1
GGC heuristics: --param ggc-min-expand=100 --param ggc-min-heapsize=131072
ignoring nonexistent directory "/usr/lib/gcc/x86_64-redhat-linux/4.8.5/include-fixed"
ignoring nonexistent directory "/usr/lib/gcc/x86_64-redhat-linux/4.8.5/../../../../x86_64-redhat-linux/include"
#include "..." search starts here:
#include <...> search starts here:
 /usr/lib/gcc/x86_64-redhat-linux/4.8.5/../../../../include/c++/4.8.5
 /usr/lib/gcc/x86_64-redhat-linux/4.8.5/../../../../include/c++/4.8.5/x86_64-redhat-linux
 /usr/lib/gcc/x86_64-redhat-linux/4.8.5/../../../../include/c++/4.8.5/backward
 /usr/lib/gcc/x86_64-redhat-linux/4.8.5/include
 /usr/local/include
 /usr/include
End of search list.
GNU C++ (GCC) version 4.8.5 20150623 (Red Hat 4.8.5-44) (x86_64-redhat-linux)
	compiled by GNU C version 4.8.5 20150623 (Red Hat 4.8.5-44), GMP version 6.0.0, MPFR version 3.1.1, MPC version 1.0.1
GGC heuristics: --param ggc-min-expand=100 --param ggc-min-heapsize=131072
Compiler executable checksum: 51b2dcccf6085e5bfbbf3932e5685252
COLLECT_GCC_OPTIONS='-v' '-o' 'CMakeFiles/cmTC_fce36.dir/CMakeCXXCompilerABI.cpp.o' '-c' '-shared-libgcc' '-mtune=generic' '-march=x86-64'
 as -v --64 -o CMakeFiles/cmTC_fce36.dir/CMakeCXXCompilerABI.cpp.o /tmp/ccoRMf02.s
GNU assembler version 2.27 (x86_64-redhat-linux) using BFD version version 2.27-34.base.el7
COMPILER_PATH=/usr/libexec/gcc/x86_64-redhat-linux/4.8.5/:/usr/libexec/gcc/x86_64-redhat-linux/4.8.5/:/usr/libexec/gcc/x86_64-redhat-linux/:/usr/lib/gcc/x86_64-redhat-linux/4.8.5/:/usr/lib/gcc/x86_64-redhat-linux/
LIBRARY_PATH=/usr/lib/gcc/x86_64-redhat-linux/4.8.5/:/usr/lib/gcc/x86_64-redhat-linux/4.8.5/../../../../lib64/:/lib/../lib64/:/usr/lib/../lib64/:/usr/lib/gcc/x86_64-redhat-linux/4.8.5/../../../:/lib/:/usr/lib/
COLLECT_GCC_OPTIONS='-v' '-o' 'CMakeFiles/cmTC_fce36.dir/CMakeCXXCompilerABI.cpp.o' '-c' '-shared-libgcc' '-mtune=generic' '-march=x86-64'
Linking CXX executable cmTC_fce36
/usr/local/bin/cmake -E cmake_link_script CMakeFiles/cmTC_fce36.dir/link.txt --verbose=1
/usr/bin/c++  -v -rdynamic CMakeFiles/cmTC_fce36.dir/CMakeCXXCompilerABI.cpp.o -o cmTC_fce36 
Using built-in specs.
COLLECT_GCC=/usr/bin/c++
COLLECT_LTO_WRAPPER=/usr/libexec/gcc/x86_64-redhat-linux/4.8.5/lto-wrapper
Target: x86_64-redhat-linux
Configured with: ../configure --prefix=/usr --mandir=/usr/share/man --infodir=/usr/share/info --with-bugurl=http://bugzilla.redhat.com/bugzilla --enable-bootstrap --enable-shared --enable-threads=posix --enable-checking=release --with-system-zlib --enable-__cxa_atexit --disable-libunwind-exceptions --enable-gnu-unique-object --enable-linker-build-id --with-linker-hash-style=gnu --enable-languages=c,c++,objc,obj-c++,java,fortran,ada,go,lto --enable-plugin --enable-initfini-array --disable-libgcj --with-isl=/builddir/build/BUILD/gcc-4.8.5-20150702/obj-x86_64-redhat-linux/isl-install --with-cloog=/builddir/build/BUILD/gcc-4.8.5-20150702/obj-x86_64-redhat-linux/cloog-install --enable-gnu-indirect-function --with-tune=generic --with-arch_32=x86-64 --build=x86_64-redhat-linux
Thread model: posix
gcc version 4.8.5 20150623 (Red Hat 4.8.5-44) (GCC) 
COMPILER_PATH=/usr/libexec/gcc/x86_64-redhat-linux/4.8.5/:/usr/libexec/gcc/x86_64-redhat-linux/4.8.5/:/usr/libexec/gcc/x86_64-redhat-linux/:/usr/lib/gcc/x86_64-redhat-linux/4.8.5/:/usr/lib/gcc/x86_64-redhat-linux/
LIBRARY_PATH=/usr/lib/gcc/x86_64-redhat-linux/4.8.5/:/usr/lib/gcc/x86_64-redhat-linux/4.8.5/../../../../lib64/:/lib/../lib64/:/usr/lib/../lib64/:/usr/lib/gcc/x86_64-redhat-linux/4.8.5/../../../:/lib/:/usr/lib/
COLLECT_GCC_OPTIONS='-v' '-rdynamic' '-o' 'cmTC_fce36' '-shared-libgcc' '-mtune=generic' '-march=x86-64'
 /usr/libexec/gcc/x86_64-redhat-linux/4.8.5/collect2 --build-id --no-add-needed --eh-frame-hdr --hash-style=gnu -m elf_x86_64 -export-dynamic -dynamic-linker /lib64/ld-linux-x86-64.so.2 -o cmTC_fce36 /usr/lib/gcc/x86_64-redhat-linux/4.8.5/../../../../lib64/crt1.o /usr/lib/gcc/x86_64-redhat-linux/4.8.5/../../../../lib64/crti.o /usr/lib/gcc/x86_64-redhat-linux/4.8.5/crtbegin.o -L/usr/lib/gcc/x86_64-redhat-linux/4.8.5 -L/usr/lib/gcc/x86_64-redhat-linux/4.8.5/../../../../lib64 -L/lib/../lib64 -L/usr/lib/../lib64 -L/usr/lib/gcc/x86_64-redhat-linux/4.8.5/../../.. CMakeFiles/cmTC_fce36.dir/CMakeCXXCompilerABI.cpp.o -lstdc++ -lm -lgcc_s -lgcc -lc -lgcc_s -lgcc /usr/lib/gcc/x86_64-redhat-linux/4.8.5/crtend.o /usr/lib/gcc/x86_64-redhat-linux/4.8.5/../../../../lib64/crtn.o
gmake[1]: Leaving directory `/home/xwm/DeepSVFilter/code/build/CMakeFiles/CMakeTmp'



Parsed CXX implicit include dir info from above output: rv=done
  found start of include info
  found start of implicit include info
    add: [/usr/lib/gcc/x86_64-redhat-linux/4.8.5/../../../../include/c++/4.8.5]
    add: [/usr/lib/gcc/x86_64-redhat-linux/4.8.5/../../../../include/c++/4.8.5/x86_64-redhat-linux]
    add: [/usr/lib/gcc/x86_64-redhat-linux/4.8.5/../../../../include/c++/4.8.5/backward]
    add: [/usr/lib/gcc/x86_64-redhat-linux/4.8.5/include]
    add: [/usr/local/include]
    add: [/usr/include]
  end of search list found
  collapse include dir [/usr/lib/gcc/x86_64-redhat-linux/4.8.5/../../../../include/c++/4.8.5] ==> [/usr/include/c++/4.8.5]
  collapse include dir [/usr/lib/gcc/x86_64-redhat-linux/4.8.5/../../../../include/c++/4.8.5/x86_64-redhat-linux] ==> [/usr/include/c++/4.8.5/x86_64-redhat-linux]
  collapse include dir [/usr/lib/gcc/x86_64-redhat-linux/4.8.5/../../../../include/c++/4.8.5/backward] ==> [/usr/include/c++/4.8.5/backward]
  collapse include dir [/usr/lib/gcc/x86_64-redhat-linux/4.8.5/include] ==> [/usr/lib/gcc/x86_64-redhat-linux/4.8.5/include]
  collapse include dir [/usr/local/include] ==> [/usr/local/include]
  collapse include dir [/usr/include] ==> [/usr/include]
  implicit include dirs: [/usr/include/c++/4.8.5;/usr/include/c++/4.8.5/x86_64-redhat-linux;/usr/include/c++/4.8.5/backward;/usr/lib/gcc/x86_64-redhat-linux/4.8.5/include;/usr/local/include;/usr/include]


Parsed CXX implicit link information from above output:
  link line regex: [^( *|.*[/\])(ld|CMAKE_LINK_STARTFILE-NOTFOUND|([^/\]+-)?ld|collect2)[^/\]*( |$)]
  ignore line: [Change Dir: /home/xwm/DeepSVFilter/code/build/CMakeFiles/CMakeTmp]
  ignore line: []
  ignore line: [Run Build Command(s):/usr/bin/gmake -f Makefile cmTC_fce36/fast && /usr/bin/gmake  -f CMakeFiles/cmTC_fce36.dir/build.make CMakeFiles/cmTC_fce36.dir/build]
  ignore line: [gmake[1]: Entering directory `/home/xwm/DeepSVFilter/code/build/CMakeFiles/CMakeTmp']
  ignore line: [Building CXX object CMakeFiles/cmTC_fce36.dir/CMakeCXXCompilerABI.cpp.o]
  ignore line: [/usr/bin/c++   -v -o CMakeFiles/cmTC_fce36.dir/CMakeCXXCompilerABI.cpp.o -c /usr/local/share/cmake-3.20/Modules/CMakeCXXCompilerABI.cpp]
  ignore line: [Using built-in specs.]
  ignore line: [COLLECT_GCC=/usr/bin/c++]
  ignore line: [Target: x86_64-redhat-linux]
  ignore line: [Configured with: ../configure --prefix=/usr --mandir=/usr/share/man --infodir=/usr/share/info --with-bugurl=http://bugzilla.redhat.com/bugzilla --enable-bootstrap --enable-shared --enable-threads=posix --enable-checking=release --with-system-zlib --enable-__cxa_atexit --disable-libunwind-exceptions --enable-gnu-unique-object --enable-linker-build-id --with-linker-hash-style=gnu --enable-languages=c c++ objc obj-c++ java fortran ada go lto --enable-plugin --enable-initfini-array --disable-libgcj --with-isl=/builddir/build/BUILD/gcc-4.8.5-20150702/obj-x86_64-redhat-linux/isl-install --with-cloog=/builddir/build/BUILD/gcc-4.8.5-20150702/obj-x86_64-redhat-linux/cloog-install --enable-gnu-indirect-function --with-tune=generic --with-arch_32=x86-64 --build=x86_64-redhat-linux]
  ignore line: [Thread model: posix]
  ignore line: [gcc version 4.8.5 20150623 (Red Hat 4.8.5-44) (GCC) ]
  ignore line: [COLLECT_GCC_OPTIONS='-v' '-o' 'CMakeFiles/cmTC_fce36.dir/CMakeCXXCompilerABI.cpp.o' '-c' '-shared-libgcc' '-mtune=generic' '-march=x86-64']
  ignore line: [ /usr/libexec/gcc/x86_64-redhat-linux/4.8.5/cc1plus -quiet -v -D_GNU_SOURCE /usr/local/share/cmake-3.20/Modules/CMakeCXXCompilerABI.cpp -quiet -dumpbase CMakeCXXCompilerABI.cpp -mtune=generic -march=x86-64 -auxbase-strip CMakeFiles/cmTC_fce36.dir/CMakeCXXCompilerABI.cpp.o -version -o /tmp/ccoRMf02.s]
  ignore line: [GNU C++ (GCC) version 4.8.5 20150623 (Red Hat 4.8.5-44) (x86_64-redhat-linux)]
  ignore line: [	compiled by GNU C version 4.8.5 20150623 (Red Hat 4.8.5-44)  GMP version 6.0.0  MPFR version 3.1.1  MPC version 1.0.1]
  ignore line: [GGC heuristics: --param ggc-min-expand=100 --param ggc-min-heapsize=131072]
  ignore line: [ignoring nonexistent directory "/usr/lib/gcc/x86_64-redhat-linux/4.8.5/include-fixed"]
  ignore line: [ignoring nonexistent directory "/usr/lib/gcc/x86_64-redhat-linux/4.8.5/../../../../x86_64-redhat-linux/include"]
  ignore line: [#include "..." search starts here:]
  ignore line: [#include <...> search starts here:]
  ignore line: [ /usr/lib/gcc/x86_64-redhat-linux/4.8.5/../../../../include/c++/4.8.5]
  ignore line: [ /usr/lib/gcc/x86_64-redhat-linux/4.8.5/../../../../include/c++/4.8.5/x86_64-redhat-linux]
  ignore line: [ /usr/lib/gcc/x86_64-redhat-linux/4.8.5/../../../../include/c++/4.8.5/backward]
  ignore line: [ /usr/lib/gcc/x86_64-redhat-linux/4.8.5/include]
  ignore line: [ /usr/local/include]
  ignore line: [ /usr/include]
  ignore line: [End of search list.]
  ignore line: [GNU C++ (GCC) version 4.8.5 20150623 (Red Hat 4.8.5-44) (x86_64-redhat-linux)]
  ignore line: [	compiled by GNU C version 4.8.5 20150623 (Red Hat 4.8.5-44)  GMP version 6.0.0  MPFR version 3.1.1  MPC version 1.0.1]
  ignore line: [GGC heuristics: --param ggc-min-expand=100 --param ggc-min-heapsize=131072]
  ignore line: [Compiler executable checksum: 51b2dcccf6085e5bfbbf3932e5685252]
  ignore line: [COLLECT_GCC_OPTIONS='-v' '-o' 'CMakeFiles/cmTC_fce36.dir/CMakeCXXCompilerABI.cpp.o' '-c' '-shared-libgcc' '-mtune=generic' '-march=x86-64']
  ignore line: [ as -v --64 -o CMakeFiles/cmTC_fce36.dir/CMakeCXXCompilerABI.cpp.o /tmp/ccoRMf02.s]
  ignore line: [GNU assembler version 2.27 (x86_64-redhat-linux) using BFD version version 2.27-34.base.el7]
  ignore line: [COMPILER_PATH=/usr/libexec/gcc/x86_64-redhat-linux/4.8.5/:/usr/libexec/gcc/x86_64-redhat-linux/4.8.5/:/usr/libexec/gcc/x86_64-redhat-linux/:/usr/lib/gcc/x86_64-redhat-linux/4.8.5/:/usr/lib/gcc/x86_64-redhat-linux/]
  ignore line: [LIBRARY_PATH=/usr/lib/gcc/x86_64-redhat-linux/4.8.5/:/usr/lib/gcc/x86_64-redhat-linux/4.8.5/../../../../lib64/:/lib/../lib64/:/usr/lib/../lib64/:/usr/lib/gcc/x86_64-redhat-linux/4.8.5/../../../:/lib/:/usr/lib/]
  ignore line: [COLLECT_GCC_OPTIONS='-v' '-o' 'CMakeFiles/cmTC_fce36.dir/CMakeCXXCompilerABI.cpp.o' '-c' '-shared-libgcc' '-mtune=generic' '-march=x86-64']
  ignore line: [Linking CXX executable cmTC_fce36]
  ignore line: [/usr/local/bin/cmake -E cmake_link_script CMakeFiles/cmTC_fce36.dir/link.txt --verbose=1]
  ignore line: [/usr/bin/c++  -v -rdynamic CMakeFiles/cmTC_fce36.dir/CMakeCXXCompilerABI.cpp.o -o cmTC_fce36 ]
  ignore line: [Using built-in specs.]
  ignore line: [COLLECT_GCC=/usr/bin/c++]
  ignore line: [COLLECT_LTO_WRAPPER=/usr/libexec/gcc/x86_64-redhat-linux/4.8.5/lto-wrapper]
  ignore line: [Target: x86_64-redhat-linux]
  ignore line: [Configured with: ../configure --prefix=/usr --mandir=/usr/share/man --infodir=/usr/share/info --with-bugurl=http://bugzilla.redhat.com/bugzilla --enable-bootstrap --enable-shared --enable-threads=posix --enable-checking=release --with-system-zlib --enable-__cxa_atexit --disable-libunwind-exceptions --enable-gnu-unique-object --enable-linker-build-id --with-linker-hash-style=gnu --enable-languages=c c++ objc obj-c++ java fortran ada go lto --enable-plugin --enable-initfini-array --disable-libgcj --with-isl=/builddir/build/BUILD/gcc-4.8.5-20150702/obj-x86_64-redhat-linux/isl-install --with-cloog=/builddir/build/BUILD/gcc-4.8.5-20150702/obj-x86_64-redhat-linux/cloog-install --enable-gnu-indirect-function --with-tune=generic --with-arch_32=x86-64 --build=x86_64-redhat-linux]
  ignore line: [Thread model: posix]
  ignore line: [gcc version 4.8.5 20150623 (Red Hat 4.8.5-44) (GCC) ]
  ignore line: [COMPILER_PATH=/usr/libexec/gcc/x86_64-redhat-linux/4.8.5/:/usr/libexec/gcc/x86_64-redhat-linux/4.8.5/:/usr/libexec/gcc/x86_64-redhat-linux/:/usr/lib/gcc/x86_64-redhat-linux/4.8.5/:/usr/lib/gcc/x86_64-redhat-linux/]
  ignore line: [LIBRARY_PATH=/usr/lib/gcc/x86_64-redhat-linux/4.8.5/:/usr/lib/gcc/x86_64-redhat-linux/4.8.5/../../../../lib64/:/lib/../lib64/:/usr/lib/../lib64/:/usr/lib/gcc/x86_64-redhat-linux/4.8.5/../../../:/lib/:/usr/lib/]
  ignore line: [COLLECT_GCC_OPTIONS='-v' '-rdynamic' '-o' 'cmTC_fce36' '-shared-libgcc' '-mtune=generic' '-march=x86-64']
  link line: [ /usr/libexec/gcc/x86_64-redhat-linux/4.8.5/collect2 --build-id --no-add-needed --eh-frame-hdr --hash-style=gnu -m elf_x86_64 -export-dynamic -dynamic-linker /lib64/ld-linux-x86-64.so.2 -o cmTC_fce36 /usr/lib/gcc/x86_64-redhat-linux/4.8.5/../../../../lib64/crt1.o /usr/lib/gcc/x86_64-redhat-linux/4.8.5/../../../../lib64/crti.o /usr/lib/gcc/x86_64-redhat-linux/4.8.5/crtbegin.o -L/usr/lib/gcc/x86_64-redhat-linux/4.8.5 -L/usr/lib/gcc/x86_64-redhat-linux/4.8.5/../../../../lib64 -L/lib/../lib64 -L/usr/lib/../lib64 -L/usr/lib/gcc/x86_64-redhat-linux/4.8.5/../../.. CMakeFiles/cmTC_fce36.dir/CMakeCXXCompilerABI.cpp.o -lstdc++ -lm -lgcc_s -lgcc -lc -lgcc_s -lgcc /usr/lib/gcc/x86_64-redhat-linux/4.8.5/crtend.o /usr/lib/gcc/x86_64-redhat-linux/4.8.5/../../../../lib64/crtn.o]
    arg [/usr/libexec/gcc/x86_64-redhat-linux/4.8.5/collect2] ==> ignore
    arg [--build-id] ==> ignore
    arg [--no-add-needed] ==> ignore
    arg [--eh-frame-hdr] ==> ignore
    arg [--hash-style=gnu] ==> ignore
    arg [-m] ==> ignore
    arg [elf_x86_64] ==> ignore
    arg [-export-dynamic] ==> ignore
    arg [-dynamic-linker] ==> ignore
    arg [/lib64/ld-linux-x86-64.so.2] ==> ignore
    arg [-o] ==> ignore
    arg [cmTC_fce36] ==> ignore
    arg [/usr/lib/gcc/x86_64-redhat-linux/4.8.5/../../../../lib64/crt1.o] ==> obj [/usr/lib/gcc/x86_64-redhat-linux/4.8.5/../../../../lib64/crt1.o]
    arg [/usr/lib/gcc/x86_64-redhat-linux/4.8.5/../../../../lib64/crti.o] ==> obj [/usr/lib/gcc/x86_64-redhat-linux/4.8.5/../../../../lib64/crti.o]
    arg [/usr/lib/gcc/x86_64-redhat-linux/4.8.5/crtbegin.o] ==> obj [/usr/lib/gcc/x86_64-redhat-linux/4.8.5/crtbegin.o]
    arg [-L/usr/lib/gcc/x86_64-redhat-linux/4.8.5] ==> dir [/usr/lib/gcc/x86_64-redhat-linux/4.8.5]
    arg [-L/usr/lib/gcc/x86_64-redhat-linux/4.8.5/../../../../lib64] ==> dir [/usr/lib/gcc/x86_64-redhat-linux/4.8.5/../../../../lib64]
    arg [-L/lib/../lib64] ==> dir [/lib/../lib64]
    arg [-L/usr/lib/../lib64] ==> dir [/usr/lib/../lib64]
    arg [-L/usr/lib/gcc/x86_64-redhat-linux/4.8.5/../../..] ==> dir [/usr/lib/gcc/x86_64-redhat-linux/4.8.5/../../..]
    arg [CMakeFiles/cmTC_fce36.dir/CMakeCXXCompilerABI.cpp.o] ==> ignore
    arg [-lstdc++] ==> lib [stdc++]
    arg [-lm] ==> lib [m]
    arg [-lgcc_s] ==> lib [gcc_s]
    arg [-lgcc] ==> lib [gcc]
    arg [-lc] ==> lib [c]
    arg [-lgcc_s] ==> lib [gcc_s]
    arg [-lgcc] ==> lib [gcc]
    arg [/usr/lib/gcc/x86_64-redhat-linux/4.8.5/crtend.o] ==> obj [/usr/lib/gcc/x86_64-redhat-linux/4.8.5/crtend.o]
    arg [/usr/lib/gcc/x86_64-redhat-linux/4.8.5/../../../../lib64/crtn.o] ==> obj [/usr/lib/gcc/x86_64-redhat-linux/4.8.5/../../../../lib64/crtn.o]
  collapse obj [/usr/lib/gcc/x86_64-redhat-linux/4.8.5/../../../../lib64/crt1.o] ==> [/usr/lib64/crt1.o]
  collapse obj [/usr/lib/gcc/x86_64-redhat-linux/4.8.5/../../../../lib64/crti.o] ==> [/usr/lib64/crti.o]
  collapse obj [/usr/lib/gcc/x86_64-redhat-linux/4.8.5/../../../../lib64/crtn.o] ==> [/usr/lib64/crtn.o]
  collapse library dir [/usr/lib/gcc/x86_64-redhat-linux/4.8.5] ==> [/usr/lib/gcc/x86_64-redhat-linux/4.8.5]
  collapse library dir [/usr/lib/gcc/x86_64-redhat-linux/4.8.5/../../../../lib64] ==> [/usr/lib64]
  collapse library dir [/lib/../lib64] ==> [/lib64]
  collapse library dir [/usr/lib/../lib64] ==> [/usr/lib64]
  collapse library dir [/usr/lib/gcc/x86_64-redhat-linux/4.8.5/../../..] ==> [/usr/lib]
  implicit libs: [stdc++;m;gcc_s;gcc;c;gcc_s;gcc]
  implicit objs: [/usr/lib64/crt1.o;/usr/lib64/crti.o;/usr/lib/gcc/x86_64-redhat-linux/4.8.5/crtbegin.o;/usr/lib/gcc/x86_64-redhat-linux/4.8.5/crtend.o;/usr/lib64/crtn.o]
  implicit dirs: [/usr/lib/gcc/x86_64-redhat-linux/4.8.5;/usr/lib64;/lib64;/usr/lib]
  implicit fwks: []




Detecting CXX [-std=c++1y] compiler features compiled with the following output:
Change Dir: /home/xwm/DeepSVFilter/code/build/CMakeFiles/CMakeTmp

Run Build Command(s):/usr/bin/gmake -f Makefile cmTC_f8fc4/fast && /usr/bin/gmake  -f CMakeFiles/cmTC_f8fc4.dir/build.make CMakeFiles/cmTC_f8fc4.dir/build
gmake[1]: Entering directory `/home/xwm/DeepSVFilter/code/build/CMakeFiles/CMakeTmp'
Building CXX object CMakeFiles/cmTC_f8fc4.dir/feature_tests.cxx.o
/usr/bin/c++   -std=c++1y -o CMakeFiles/cmTC_f8fc4.dir/feature_tests.cxx.o -c /home/xwm/DeepSVFilter/code/build/CMakeFiles/feature_tests.cxx
Linking CXX executable cmTC_f8fc4
/usr/local/bin/cmake -E cmake_link_script CMakeFiles/cmTC_f8fc4.dir/link.txt --verbose=1
/usr/bin/c++ -rdynamic CMakeFiles/cmTC_f8fc4.dir/feature_tests.cxx.o -o cmTC_f8fc4 
gmake[1]: Leaving directory `/home/xwm/DeepSVFilter/code/build/CMakeFiles/CMakeTmp'



    Feature record: CXX_FEATURE:1cxx_template_template_parameters
    Feature record: CXX_FEATURE:1cxx_alias_templates
    Feature record: CXX_FEATURE:1cxx_alignas
    Feature record: CXX_FEATURE:1cxx_alignof
    Feature record: CXX_FEATURE:1cxx_attributes
    Feature record: CXX_FEATURE:1cxx_auto_type
    Feature record: CXX_FEATURE:1cxx_constexpr
    Feature record: CXX_FEATURE:1cxx_decltype
    Feature record: CXX_FEATURE:1cxx_decltype_incomplete_return_types
    Feature record: CXX_FEATURE:1cxx_default_function_template_args
    Feature record: CXX_FEATURE:1cxx_defaulted_functions
    Feature record: CXX_FEATURE:1cxx_defaulted_move_initializers
    Feature record: CXX_FEATURE:1cxx_delegating_constructors
    Feature record: CXX_FEATURE:1cxx_deleted_functions
    Feature record: CXX_FEATURE:1cxx_enum_forward_declarations
    Feature record: CXX_FEATURE:1cxx_explicit_conversions
    Feature record: CXX_FEATURE:1cxx_extended_friend_declarations
    Feature record: CXX_FEATURE:1cxx_extern_templates
    Feature record: CXX_FEATURE:1cxx_final
    Feature record: CXX_FEATURE:1cxx_func_identifier
    Feature record: CXX_FEATURE:1cxx_generalized_initializers
    Feature record: CXX_FEATURE:1cxx_inheriting_constructors
    Feature record: CXX_FEATURE:1cxx_inline_namespaces
    Feature record: CXX_FEATURE:1cxx_lambdas
    Feature record: CXX_FEATURE:1cxx_local_type_template_args
    Feature record: CXX_FEATURE:1cxx_long_long_type
    Feature record: CXX_FEATURE:1cxx_noexcept
    Feature record: CXX_FEATURE:1cxx_nonstatic_member_init
    Feature record: CXX_FEATURE:1cxx_nullptr
    Feature record: CXX_FEATURE:1cxx_override
    Feature record: CXX_FEATURE:1cxx_range_for
    Feature record: CXX_FEATURE:1cxx_raw_string_literals
    Feature record: CXX_FEATURE:1cxx_reference_qualified_functions
    Feature record: CXX_FEATURE:1cxx_right_angle_brackets
    Feature record: CXX_FEATURE:1cxx_rvalue_references
    Feature record: CXX_FEATURE:1cxx_sizeof_member
    Feature record: CXX_FEATURE:1cxx_static_assert
    Feature record: CXX_FEATURE:1cxx_strong_enums
    Feature record: CXX_FEATURE:1cxx_thread_local
    Feature record: CXX_FEATURE:1cxx_trailing_return_types
    Feature record: CXX_FEATURE:1cxx_unicode_literals
    Feature record: CXX_FEATURE:1cxx_uniform_initialization
    Feature record: CXX_FEATURE:1cxx_unrestricted_unions
    Feature record: CXX_FEATURE:1cxx_user_literals
    Feature record: CXX_FEATURE:1cxx_variadic_macros
    Feature record: CXX_FEATURE:1cxx_variadic_templates
    Feature record: CXX_FEATURE:0cxx_aggregate_default_initializers
    Feature record: CXX_FEATURE:0cxx_attribute_deprecated
    Feature record: CXX_FEATURE:0cxx_binary_literals
    Feature record: CXX_FEATURE:0cxx_contextual_conversions
    Feature record: CXX_FEATURE:0cxx_decltype_auto
    Feature record: CXX_FEATURE:0cxx_digit_separators
    Feature record: CXX_FEATURE:0cxx_generic_lambdas
    Feature record: CXX_FEATURE:0cxx_lambda_init_captures
    Feature record: CXX_FEATURE:0cxx_relaxed_constexpr
    Feature record: CXX_FEATURE:0cxx_return_type_deduction
    Feature record: CXX_FEATURE:0cxx_variable_templates
Determining if the include file pthread.h exists passed with the following output:
Change Dir: /home/xwm/DeepSVFilter/code/build/CMakeFiles/CMakeTmp

Run Build Command(s):/usr/bin/gmake -f Makefile cmTC_e94a9/fast && /usr/bin/gmake  -f CMakeFiles/cmTC_e94a9.dir/build.make CMakeFiles/cmTC_e94a9.dir/build
gmake[1]: Entering directory `/home/xwm/DeepSVFilter/code/build/CMakeFiles/CMakeTmp'
Building C object CMakeFiles/cmTC_e94a9.dir/CheckIncludeFile.c.o
/usr/bin/cc    -o CMakeFiles/cmTC_e94a9.dir/CheckIncludeFile.c.o -c /home/xwm/DeepSVFilter/code/build/CMakeFiles/CMakeTmp/CheckIncludeFile.c
Linking C executable cmTC_e94a9
/usr/local/bin/cmake -E cmake_link_script CMakeFiles/cmTC_e94a9.dir/link.txt --verbose=1
/usr/bin/cc -rdynamic CMakeFiles/cmTC_e94a9.dir/CheckIncludeFile.c.o -o cmTC_e94a9 
gmake[1]: Leaving directory `/home/xwm/DeepSVFilter/code/build/CMakeFiles/CMakeTmp'



Determining if the function pthread_create exists in the pthread passed with the following output:
Change Dir: /home/xwm/DeepSVFilter/code/build/CMakeFiles/CMakeTmp

Run Build Command(s):/usr/bin/gmake -f Makefile cmTC_53e65/fast && /usr/bin/gmake  -f CMakeFiles/cmTC_53e65.dir/build.make CMakeFiles/cmTC_53e65.dir/build
gmake[1]: Entering directory `/home/xwm/DeepSVFilter/code/build/CMakeFiles/CMakeTmp'
Building C object CMakeFiles/cmTC_53e65.dir/CheckFunctionExists.c.o
/usr/bin/cc   -DCHECK_FUNCTION_EXISTS=pthread_create -o CMakeFiles/cmTC_53e65.dir/CheckFunctionExists.c.o -c /usr/local/share/cmake-3.20/Modules/CheckFunctionExists.c
Linking C executable cmTC_53e65
/usr/local/bin/cmake -E cmake_link_script CMakeFiles/cmTC_53e65.dir/link.txt --verbose=1
/usr/bin/cc  -DCHECK_FUNCTION_EXISTS=pthread_create -rdynamic CMakeFiles/cmTC_53e65.dir/CheckFunctionExists.c.o -o cmTC_53e65  -lpthread 
gmake[1]: Leaving directory `/home/xwm/DeepSVFilter/code/build/CMakeFiles/CMakeTmp'



Checking whether the CUDA compiler is NVIDIA using "" matched "nvcc: NVIDIA \(R\) Cuda compiler driver":
nvcc: NVIDIA (R) Cuda compiler driver
Copyright (c) 2005-2020 NVIDIA Corporation
Built on Tue_Sep_15_19:10:02_PDT_2020
Cuda compilation tools, release 11.1, V11.1.74
Build cuda_11.1.TC455_06.29069683_0
Compiling the CUDA compiler identification source file "CMakeCUDACompilerId.cu" succeeded.
Compiler: /usr/local/cuda-11.1/bin/nvcc 
Build flags: 
Id flags: --keep;--keep-dir;tmp -v

The output was:
0
#$ _NVVM_BRANCH_=nvvm
#$ _SPACE_= 
#$ _CUDART_=cudart
#$ _HERE_=/usr/local/cuda-11.1/bin
#$ _THERE_=/usr/local/cuda-11.1/bin
#$ _TARGET_SIZE_=
#$ _TARGET_DIR_=
#$ _TARGET_DIR_=targets/x86_64-linux
#$ TOP=/usr/local/cuda-11.1/bin/..
#$ NVVMIR_LIBRARY_DIR=/usr/local/cuda-11.1/bin/../nvvm/libdevice
#$ LD_LIBRARY_PATH=/usr/local/cuda-11.1/bin/../lib:
#$ PATH=/usr/local/cuda-11.1/bin/../nvvm/bin:/usr/local/cuda-11.1/bin:/usr/local/cuda-11.1/bin:/home/xwm/pigz-2.7:/home/xwm/anaconda3/envs/SV/bin:/home/xwm/anaconda3/condabin:/usr/local/cuda-11.1/bin:/usr/local/bin:/usr/bin:/usr/local/sbin:/usr/sbin:/root/chuhao/phage_finder/bin:/root/miniconda3/bin:/root/chuhao/phage_finder_v2.1/bin:/root/chuhao/perl/perl/bin:/usr/local/ffmpeg/bin:/home/xwm/.local/bin:/home/xwm/bin
#$ INCLUDES="-I/usr/local/cuda-11.1/bin/../targets/x86_64-linux/include"  
#$ LIBRARIES=  "-L/usr/local/cuda-11.1/bin/../targets/x86_64-linux/lib/stubs" "-L/usr/local/cuda-11.1/bin/../targets/x86_64-linux/lib"
#$ CUDAFE_FLAGS=
#$ PTXAS_FLAGS=
#$ rm tmp/a_dlink.reg.c
#$ gcc -D__CUDA_ARCH__=520 -E -x c++  -DCUDA_DOUBLE_MATH_FUNCTIONS -D__CUDACC__ -D__NVCC__  "-I/usr/local/cuda-11.1/bin/../targets/x86_64-linux/include"    -D__CUDACC_VER_MAJOR__=11 -D__CUDACC_VER_MINOR__=1 -D__CUDACC_VER_BUILD__=74 -D__CUDA_API_VER_MAJOR__=11 -D__CUDA_API_VER_MINOR__=1 -include "cuda_runtime.h" -m64 "CMakeCUDACompilerId.cu" -o "tmp/CMakeCUDACompilerId.cpp1.ii" 
#$ cicc --gnu_version=50100 --orig_src_file_name "CMakeCUDACompilerId.cu" --allow_managed   -arch compute_52 -m64 -ftz=0 -prec_div=1 -prec_sqrt=1 -fmad=1 --include_file_name "CMakeCUDACompilerId.fatbin.c" -tused -nvvmir-library "/usr/local/cuda-11.1/bin/../nvvm/libdevice/libdevice.10.bc" --gen_module_id_file --module_id_file_name "tmp/CMakeCUDACompilerId.module_id" --gen_c_file_name "tmp/CMakeCUDACompilerId.cudafe1.c" --stub_file_name "tmp/CMakeCUDACompilerId.cudafe1.stub.c" --gen_device_file_name "tmp/CMakeCUDACompilerId.cudafe1.gpu"  "tmp/CMakeCUDACompilerId.cpp1.ii" -o "tmp/CMakeCUDACompilerId.ptx"
#$ ptxas -arch=sm_52 -m64  "tmp/CMakeCUDACompilerId.ptx"  -o "tmp/CMakeCUDACompilerId.sm_52.cubin" 
#$ fatbinary --create="tmp/CMakeCUDACompilerId.fatbin" -64 --cicc-cmdline="-ftz=0 -prec_div=1 -prec_sqrt=1 -fmad=1 " "--image3=kind=elf,sm=52,file=tmp/CMakeCUDACompilerId.sm_52.cubin" "--image3=kind=ptx,sm=52,file=tmp/CMakeCUDACompilerId.ptx" --embedded-fatbin="tmp/CMakeCUDACompilerId.fatbin.c" 
#$ gcc -E -x c++ -D__CUDACC__ -D__NVCC__  "-I/usr/local/cuda-11.1/bin/../targets/x86_64-linux/include"    -D__CUDACC_VER_MAJOR__=11 -D__CUDACC_VER_MINOR__=1 -D__CUDACC_VER_BUILD__=74 -D__CUDA_API_VER_MAJOR__=11 -D__CUDA_API_VER_MINOR__=1 -include "cuda_runtime.h" -m64 "CMakeCUDACompilerId.cu" -o "tmp/CMakeCUDACompilerId.cpp4.ii" 
#$ cudafe++ --gnu_version=50100 --orig_src_file_name "CMakeCUDACompilerId.cu" --allow_managed  --m64 --parse_templates --gen_c_file_name "tmp/CMakeCUDACompilerId.cudafe1.cpp" --stub_file_name "CMakeCUDACompilerId.cudafe1.stub.c" --module_id_file_name "tmp/CMakeCUDACompilerId.module_id" "tmp/CMakeCUDACompilerId.cpp4.ii" 
#$ gcc -D__CUDA_ARCH__=520 -c -x c++  -DCUDA_DOUBLE_MATH_FUNCTIONS "-I/usr/local/cuda-11.1/bin/../targets/x86_64-linux/include"   -m64 "tmp/CMakeCUDACompilerId.cudafe1.cpp" -o "tmp/CMakeCUDACompilerId.o" 
#$ nvlink --arch=sm_52 --register-link-binaries="tmp/a_dlink.reg.c"  -m64   "-L/usr/local/cuda-11.1/bin/../targets/x86_64-linux/lib/stubs" "-L/usr/local/cuda-11.1/bin/../targets/x86_64-linux/lib" -cpu-arch=X86_64 "tmp/CMakeCUDACompilerId.o"  -lcudadevrt  -o "tmp/a_dlink.sm_52.cubin"
#$ fatbinary --create="tmp/a_dlink.fatbin" -64 --cicc-cmdline="-ftz=0 -prec_div=1 -prec_sqrt=1 -fmad=1 " -link "--image3=kind=elf,sm=52,file=tmp/a_dlink.sm_52.cubin" --embedded-fatbin="tmp/a_dlink.fatbin.c" 
#$ gcc -c -x c++ -DFATBINFILE="\"tmp/a_dlink.fatbin.c\"" -DREGISTERLINKBINARYFILE="\"tmp/a_dlink.reg.c\"" -I. -D__NV_EXTRA_INITIALIZATION= -D__NV_EXTRA_FINALIZATION= -D__CUDA_INCLUDE_COMPILER_INTERNAL_HEADERS__  "-I/usr/local/cuda-11.1/bin/../targets/x86_64-linux/include"    -D__CUDACC_VER_MAJOR__=11 -D__CUDACC_VER_MINOR__=1 -D__CUDACC_VER_BUILD__=74 -D__CUDA_API_VER_MAJOR__=11 -D__CUDA_API_VER_MINOR__=1 -m64 "/usr/local/cuda-11.1/bin/crt/link.stub" -o "tmp/a_dlink.o" 
#$ g++ -m64 -Wl,--start-group "tmp/a_dlink.o" "tmp/CMakeCUDACompilerId.o"   "-L/usr/local/cuda-11.1/bin/../targets/x86_64-linux/lib/stubs" "-L/usr/local/cuda-11.1/bin/../targets/x86_64-linux/lib"  -lcudadevrt  -lcudart_static  -lrt -lpthread  -ldl  -Wl,--end-group -o "a.out" 


Compilation of the CUDA compiler identification source "CMakeCUDACompilerId.cu" produced "a.out"

The CUDA compiler identification is NVIDIA, found in "/home/xwm/DeepSVFilter/code/build/CMakeFiles/3.20.3/CompilerIdCUDA/a.out"

Parsed CUDA nvcc implicit link information from above output:
  found 'PATH=' string: [/usr/local/cuda-11.1/bin/../nvvm/bin:/usr/local/cuda-11.1/bin:/usr/local/cuda-11.1/bin:/home/xwm/pigz-2.7:/home/xwm/anaconda3/envs/SV/bin:/home/xwm/anaconda3/condabin:/usr/local/cuda-11.1/bin:/usr/local/bin:/usr/bin:/usr/local/sbin:/usr/sbin:/root/chuhao/phage_finder/bin:/root/miniconda3/bin:/root/chuhao/phage_finder_v2.1/bin:/root/chuhao/perl/perl/bin:/usr/local/ffmpeg/bin:/home/xwm/.local/bin:/home/xwm/bin]
  found 'LIBRARIES=' string: ["-L/usr/local/cuda-11.1/bin/../targets/x86_64-linux/lib/stubs" "-L/usr/local/cuda-11.1/bin/../targets/x86_64-linux/lib"]
  considering line: [#$ rm tmp/a_dlink.reg.c]
  considering line: [gcc -D__CUDA_ARCH__=520 -E -x c++  -DCUDA_DOUBLE_MATH_FUNCTIONS -D__CUDACC__ -D__NVCC__  "-I/usr/local/cuda-11.1/bin/../targets/x86_64-linux/include"    -D__CUDACC_VER_MAJOR__=11 -D__CUDACC_VER_MINOR__=1 -D__CUDACC_VER_BUILD__=74 -D__CUDA_API_VER_MAJOR__=11 -D__CUDA_API_VER_MINOR__=1 -include "cuda_runtime.h" -m64 "CMakeCUDACompilerId.cu" -o "tmp/CMakeCUDACompilerId.cpp1.ii" ]
  considering line: [cicc --gnu_version=50100 --orig_src_file_name "CMakeCUDACompilerId.cu" --allow_managed   -arch compute_52 -m64 -ftz=0 -prec_div=1 -prec_sqrt=1 -fmad=1 --include_file_name "CMakeCUDACompilerId.fatbin.c" -tused -nvvmir-library "/usr/local/cuda-11.1/bin/../nvvm/libdevice/libdevice.10.bc" --gen_module_id_file --module_id_file_name "tmp/CMakeCUDACompilerId.module_id" --gen_c_file_name "tmp/CMakeCUDACompilerId.cudafe1.c" --stub_file_name "tmp/CMakeCUDACompilerId.cudafe1.stub.c" --gen_device_file_name "tmp/CMakeCUDACompilerId.cudafe1.gpu"  "tmp/CMakeCUDACompilerId.cpp1.ii" -o "tmp/CMakeCUDACompilerId.ptx"]
  considering line: [ptxas -arch=sm_52 -m64  "tmp/CMakeCUDACompilerId.ptx"  -o "tmp/CMakeCUDACompilerId.sm_52.cubin" ]
  considering line: [fatbinary --create="tmp/CMakeCUDACompilerId.fatbin" -64 --cicc-cmdline="-ftz=0 -prec_div=1 -prec_sqrt=1 -fmad=1 " "--image3=kind=elf,sm=52,file=tmp/CMakeCUDACompilerId.sm_52.cubin" "--image3=kind=ptx,sm=52,file=tmp/CMakeCUDACompilerId.ptx" --embedded-fatbin="tmp/CMakeCUDACompilerId.fatbin.c" ]
  considering line: [gcc -E -x c++ -D__CUDACC__ -D__NVCC__  "-I/usr/local/cuda-11.1/bin/../targets/x86_64-linux/include"    -D__CUDACC_VER_MAJOR__=11 -D__CUDACC_VER_MINOR__=1 -D__CUDACC_VER_BUILD__=74 -D__CUDA_API_VER_MAJOR__=11 -D__CUDA_API_VER_MINOR__=1 -include "cuda_runtime.h" -m64 "CMakeCUDACompilerId.cu" -o "tmp/CMakeCUDACompilerId.cpp4.ii" ]
  considering line: [cudafe++ --gnu_version=50100 --orig_src_file_name "CMakeCUDACompilerId.cu" --allow_managed  --m64 --parse_templates --gen_c_file_name "tmp/CMakeCUDACompilerId.cudafe1.cpp" --stub_file_name "CMakeCUDACompilerId.cudafe1.stub.c" --module_id_file_name "tmp/CMakeCUDACompilerId.module_id" "tmp/CMakeCUDACompilerId.cpp4.ii" ]
  considering line: [gcc -D__CUDA_ARCH__=520 -c -x c++  -DCUDA_DOUBLE_MATH_FUNCTIONS "-I/usr/local/cuda-11.1/bin/../targets/x86_64-linux/include"   -m64 "tmp/CMakeCUDACompilerId.cudafe1.cpp" -o "tmp/CMakeCUDACompilerId.o" ]
  considering line: [nvlink --arch=sm_52 --register-link-binaries="tmp/a_dlink.reg.c"  -m64   "-L/usr/local/cuda-11.1/bin/../targets/x86_64-linux/lib/stubs" "-L/usr/local/cuda-11.1/bin/../targets/x86_64-linux/lib" -cpu-arch=X86_64 "tmp/CMakeCUDACompilerId.o"  -lcudadevrt  -o "tmp/a_dlink.sm_52.cubin"]
    ignoring nvlink line
  considering line: [fatbinary --create="tmp/a_dlink.fatbin" -64 --cicc-cmdline="-ftz=0 -prec_div=1 -prec_sqrt=1 -fmad=1 " -link "--image3=kind=elf,sm=52,file=tmp/a_dlink.sm_52.cubin" --embedded-fatbin="tmp/a_dlink.fatbin.c" ]
  considering line: [gcc -c -x c++ -DFATBINFILE="\"tmp/a_dlink.fatbin.c\"" -DREGISTERLINKBINARYFILE="\"tmp/a_dlink.reg.c\"" -I. -D__NV_EXTRA_INITIALIZATION= -D__NV_EXTRA_FINALIZATION= -D__CUDA_INCLUDE_COMPILER_INTERNAL_HEADERS__  "-I/usr/local/cuda-11.1/bin/../targets/x86_64-linux/include"    -D__CUDACC_VER_MAJOR__=11 -D__CUDACC_VER_MINOR__=1 -D__CUDACC_VER_BUILD__=74 -D__CUDA_API_VER_MAJOR__=11 -D__CUDA_API_VER_MINOR__=1 -m64 "/usr/local/cuda-11.1/bin/crt/link.stub" -o "tmp/a_dlink.o" ]
  considering line: [g++ -m64 -Wl,--start-group "tmp/a_dlink.o" "tmp/CMakeCUDACompilerId.o"   "-L/usr/local/cuda-11.1/bin/../targets/x86_64-linux/lib/stubs" "-L/usr/local/cuda-11.1/bin/../targets/x86_64-linux/lib"  -lcudadevrt  -lcudart_static  -lrt -lpthread  -ldl  -Wl,--end-group -o "a.out" ]
    extracted link line: [g++ -m64 -Wl,--start-group "tmp/a_dlink.o" "tmp/CMakeCUDACompilerId.o"   "-L/usr/local/cuda-11.1/bin/../targets/x86_64-linux/lib/stubs" "-L/usr/local/cuda-11.1/bin/../targets/x86_64-linux/lib"  -lcudadevrt  -lcudart_static  -lrt -lpthread  -ldl  -Wl,--end-group -o "a.out" ]
  considering line: []
  extracted link launcher name: [g++]
  found link launcher absolute path: [/usr/bin/g++]

  link line regex: [^( *|.*[/\])(ld|CMAKE_LINK_STARTFILE-NOTFOUND|([^/\]+-)?ld|collect2)[^/\]*( |$)]
  link line: [cuda-fake-ld g++ -m64 -Wl,--start-group "tmp/a_dlink.o" "tmp/CMakeCUDACompilerId.o"   "-L/usr/local/cuda-11.1/bin/../targets/x86_64-linux/lib/stubs" "-L/usr/local/cuda-11.1/bin/../targets/x86_64-linux/lib"  -lcudadevrt  -lcudart_static  -lrt -lpthread  -ldl  -Wl,--end-group -o "a.out" ]
    arg [cuda-fake-ld] ==> ignore
    arg [g++] ==> ignore
    arg [-m64] ==> ignore
    arg [-Wl,--start-group] ==> ignore
    arg [tmp/a_dlink.o] ==> ignore
    arg [tmp/CMakeCUDACompilerId.o] ==> ignore
    arg [-L/usr/local/cuda-11.1/bin/../targets/x86_64-linux/lib/stubs] ==> dir [/usr/local/cuda-11.1/bin/../targets/x86_64-linux/lib/stubs]
    arg [-L/usr/local/cuda-11.1/bin/../targets/x86_64-linux/lib] ==> dir [/usr/local/cuda-11.1/bin/../targets/x86_64-linux/lib]
    arg [-lcudadevrt] ==> lib [cudadevrt]
    arg [-lcudart_static] ==> lib [cudart_static]
    arg [-lrt] ==> lib [rt]
    arg [-lpthread] ==> lib [pthread]
    arg [-ldl] ==> lib [dl]
    arg [-Wl,--end-group] ==> ignore
    arg [-o] ==> ignore
    arg [a.out] ==> ignore
  collapse library dir [/usr/local/cuda-11.1/bin/../targets/x86_64-linux/lib/stubs] ==> [/usr/local/cuda-11.1/targets/x86_64-linux/lib/stubs]
  collapse library dir [/usr/local/cuda-11.1/bin/../targets/x86_64-linux/lib] ==> [/usr/local/cuda-11.1/targets/x86_64-linux/lib]
  implicit libs: [cudadevrt;cudart_static;rt;pthread;dl]
  implicit objs: []
  implicit dirs: [/usr/local/cuda-11.1/targets/x86_64-linux/lib/stubs;/usr/local/cuda-11.1/targets/x86_64-linux/lib]
  implicit fwks: []


Parsed CUDA nvcc include information from above output:
  found 'PATH=' string: [/usr/local/cuda-11.1/bin/../nvvm/bin:/usr/local/cuda-11.1/bin:/usr/local/cuda-11.1/bin:/home/xwm/pigz-2.7:/home/xwm/anaconda3/envs/SV/bin:/home/xwm/anaconda3/condabin:/usr/local/cuda-11.1/bin:/usr/local/bin:/usr/bin:/usr/local/sbin:/usr/sbin:/root/chuhao/phage_finder/bin:/root/miniconda3/bin:/root/chuhao/phage_finder_v2.1/bin:/root/chuhao/perl/perl/bin:/usr/local/ffmpeg/bin:/home/xwm/.local/bin:/home/xwm/bin]
  found 'LIBRARIES=' string: ["-L/usr/local/cuda-11.1/bin/../targets/x86_64-linux/lib/stubs" "-L/usr/local/cuda-11.1/bin/../targets/x86_64-linux/lib"]
  considering line: [#$ rm tmp/a_dlink.reg.c]
  considering line: [gcc -D__CUDA_ARCH__=520 -E -x c++  -DCUDA_DOUBLE_MATH_FUNCTIONS -D__CUDACC__ -D__NVCC__  "-I/usr/local/cuda-11.1/bin/../targets/x86_64-linux/include"    -D__CUDACC_VER_MAJOR__=11 -D__CUDACC_VER_MINOR__=1 -D__CUDACC_VER_BUILD__=74 -D__CUDA_API_VER_MAJOR__=11 -D__CUDA_API_VER_MINOR__=1 -include "cuda_runtime.h" -m64 "CMakeCUDACompilerId.cu" -o "tmp/CMakeCUDACompilerId.cpp1.ii" ]
  considering line: [cicc --gnu_version=50100 --orig_src_file_name "CMakeCUDACompilerId.cu" --allow_managed   -arch compute_52 -m64 -ftz=0 -prec_div=1 -prec_sqrt=1 -fmad=1 --include_file_name "CMakeCUDACompilerId.fatbin.c" -tused -nvvmir-library "/usr/local/cuda-11.1/bin/../nvvm/libdevice/libdevice.10.bc" --gen_module_id_file --module_id_file_name "tmp/CMakeCUDACompilerId.module_id" --gen_c_file_name "tmp/CMakeCUDACompilerId.cudafe1.c" --stub_file_name "tmp/CMakeCUDACompilerId.cudafe1.stub.c" --gen_device_file_name "tmp/CMakeCUDACompilerId.cudafe1.gpu"  "tmp/CMakeCUDACompilerId.cpp1.ii" -o "tmp/CMakeCUDACompilerId.ptx"]
  considering line: [ptxas -arch=sm_52 -m64  "tmp/CMakeCUDACompilerId.ptx"  -o "tmp/CMakeCUDACompilerId.sm_52.cubin" ]
  considering line: [fatbinary --create="tmp/CMakeCUDACompilerId.fatbin" -64 --cicc-cmdline="-ftz=0 -prec_div=1 -prec_sqrt=1 -fmad=1 " "--image3=kind=elf,sm=52,file=tmp/CMakeCUDACompilerId.sm_52.cubin" "--image3=kind=ptx,sm=52,file=tmp/CMakeCUDACompilerId.ptx" --embedded-fatbin="tmp/CMakeCUDACompilerId.fatbin.c" ]
  considering line: [gcc -E -x c++ -D__CUDACC__ -D__NVCC__  "-I/usr/local/cuda-11.1/bin/../targets/x86_64-linux/include"    -D__CUDACC_VER_MAJOR__=11 -D__CUDACC_VER_MINOR__=1 -D__CUDACC_VER_BUILD__=74 -D__CUDA_API_VER_MAJOR__=11 -D__CUDA_API_VER_MINOR__=1 -include "cuda_runtime.h" -m64 "CMakeCUDACompilerId.cu" -o "tmp/CMakeCUDACompilerId.cpp4.ii" ]
  considering line: [cudafe++ --gnu_version=50100 --orig_src_file_name "CMakeCUDACompilerId.cu" --allow_managed  --m64 --parse_templates --gen_c_file_name "tmp/CMakeCUDACompilerId.cudafe1.cpp" --stub_file_name "CMakeCUDACompilerId.cudafe1.stub.c" --module_id_file_name "tmp/CMakeCUDACompilerId.module_id" "tmp/CMakeCUDACompilerId.cpp4.ii" ]
  considering line: [gcc -D__CUDA_ARCH__=520 -c -x c++  -DCUDA_DOUBLE_MATH_FUNCTIONS "-I/usr/local/cuda-11.1/bin/../targets/x86_64-linux/include"   -m64 "tmp/CMakeCUDACompilerId.cudafe1.cpp" -o "tmp/CMakeCUDACompilerId.o" ]
  considering line: [nvlink --arch=sm_52 --register-link-binaries="tmp/a_dlink.reg.c"  -m64   "-L/usr/local/cuda-11.1/bin/../targets/x86_64-linux/lib/stubs" "-L/usr/local/cuda-11.1/bin/../targets/x86_64-linux/lib" -cpu-arch=X86_64 "tmp/CMakeCUDACompilerId.o"  -lcudadevrt  -o "tmp/a_dlink.sm_52.cubin"]
    ignoring nvlink line
  considering line: [fatbinary --create="tmp/a_dlink.fatbin" -64 --cicc-cmdline="-ftz=0 -prec_div=1 -prec_sqrt=1 -fmad=1 " -link "--image3=kind=elf,sm=52,file=tmp/a_dlink.sm_52.cubin" --embedded-fatbin="tmp/a_dlink.fatbin.c" ]
  considering line: [gcc -c -x c++ -DFATBINFILE="\"tmp/a_dlink.fatbin.c\"" -DREGISTERLINKBINARYFILE="\"tmp/a_dlink.reg.c\"" -I. -D__NV_EXTRA_INITIALIZATION= -D__NV_EXTRA_FINALIZATION= -D__CUDA_INCLUDE_COMPILER_INTERNAL_HEADERS__  "-I/usr/local/cuda-11.1/bin/../targets/x86_64-linux/include"    -D__CUDACC_VER_MAJOR__=11 -D__CUDACC_VER_MINOR__=1 -D__CUDACC_VER_BUILD__=74 -D__CUDA_API_VER_MAJOR__=11 -D__CUDA_API_VER_MINOR__=1 -m64 "/usr/local/cuda-11.1/bin/crt/link.stub" -o "tmp/a_dlink.o" ]
  considering line: [g++ -m64 -Wl,--start-group "tmp/a_dlink.o" "tmp/CMakeCUDACompilerId.o"   "-L/usr/local/cuda-11.1/bin/../targets/x86_64-linux/lib/stubs" "-L/usr/local/cuda-11.1/bin/../targets/x86_64-linux/lib"  -lcudadevrt  -lcudart_static  -lrt -lpthread  -ldl  -Wl,--end-group -o "a.out" ]
    extracted link line: [g++ -m64 -Wl,--start-group "tmp/a_dlink.o" "tmp/CMakeCUDACompilerId.o"   "-L/usr/local/cuda-11.1/bin/../targets/x86_64-linux/lib/stubs" "-L/usr/local/cuda-11.1/bin/../targets/x86_64-linux/lib"  -lcudadevrt  -lcudart_static  -lrt -lpthread  -ldl  -Wl,--end-group -o "a.out" ]
  considering line: []
  extracted link launcher name: [g++]
  found link launcher absolute path: [/usr/bin/g++]
  found 'INCLUDES=' string: ["-I/usr/local/cuda-11.1/bin/../targets/x86_64-linux/include"  ]

  link line regex: [^( *|.*[/\])(ld|CMAKE_LINK_STARTFILE-NOTFOUND|([^/\]+-)?ld|collect2)[^/\]*( |$)]
  link line: [cuda-fake-ld g++ -m64 -Wl,--start-group "tmp/a_dlink.o" "tmp/CMakeCUDACompilerId.o"   "-L/usr/local/cuda-11.1/bin/../targets/x86_64-linux/lib/stubs" "-L/usr/local/cuda-11.1/bin/../targets/x86_64-linux/lib"  -lcudadevrt  -lcudart_static  -lrt -lpthread  -ldl  -Wl,--end-group -o "a.out" ]
    arg [cuda-fake-ld] ==> ignore
    arg [g++] ==> ignore
    arg [-m64] ==> ignore
    arg [-Wl,--start-group] ==> ignore
    arg [tmp/a_dlink.o] ==> ignore
    arg [tmp/CMakeCUDACompilerId.o] ==> ignore
    arg [-L/usr/local/cuda-11.1/bin/../targets/x86_64-linux/lib/stubs] ==> dir [/usr/local/cuda-11.1/bin/../targets/x86_64-linux/lib/stubs]
    arg [-L/usr/local/cuda-11.1/bin/../targets/x86_64-linux/lib] ==> dir [/usr/local/cuda-11.1/bin/../targets/x86_64-linux/lib]
    arg [-lcudadevrt] ==> lib [cudadevrt]
    arg [-lcudart_static] ==> lib [cudart_static]
    arg [-lrt] ==> lib [rt]
    arg [-lpthread] ==> lib [pthread]
    arg [-ldl] ==> lib [dl]
    arg [-Wl,--end-group] ==> ignore
    arg [-o] ==> ignore
    arg [a.out] ==> ignore
  collapse library dir [/usr/local/cuda-11.1/bin/../targets/x86_64-linux/lib/stubs] ==> [/usr/local/cuda-11.1/targets/x86_64-linux/lib/stubs]
  collapse library dir [/usr/local/cuda-11.1/bin/../targets/x86_64-linux/lib] ==> [/usr/local/cuda-11.1/targets/x86_64-linux/lib]
  implicit libs: [cudadevrt;cudart_static;rt;pthread;dl]
  implicit objs: []
  implicit dirs: [/usr/local/cuda-11.1/targets/x86_64-linux/lib/stubs;/usr/local/cuda-11.1/targets/x86_64-linux/lib]
  implicit fwks: []


Detecting CUDA compiler ABI info compiled with the following output:
Change Dir: /home/xwm/DeepSVFilter/code/build/CMakeFiles/CMakeTmp

Run Build Command(s):/usr/bin/gmake -f Makefile cmTC_17aa6/fast && /usr/bin/gmake  -f CMakeFiles/cmTC_17aa6.dir/build.make CMakeFiles/cmTC_17aa6.dir/build
gmake[1]: Entering directory `/home/xwm/DeepSVFilter/code/build/CMakeFiles/CMakeTmp'
Building CUDA object CMakeFiles/cmTC_17aa6.dir/CMakeCUDACompilerABI.cu.o
/usr/local/cuda-11.1/bin/nvcc -forward-unknown-to-host-compiler   -Xcompiler=-v -MD -MT CMakeFiles/cmTC_17aa6.dir/CMakeCUDACompilerABI.cu.o -MF CMakeFiles/cmTC_17aa6.dir/CMakeCUDACompilerABI.cu.o.d -x cu -c /usr/local/share/cmake-3.20/Modules/CMakeCUDACompilerABI.cu -o CMakeFiles/cmTC_17aa6.dir/CMakeCUDACompilerABI.cu.o
Using built-in specs.
COLLECT_GCC=gcc
Target: x86_64-unknown-linux-gnu
Configured with: ./configure --prefix=/usr/gcc --enable-languages=c,c++ --with-gmp=/usr/gmp-4.3.2 --with-mpfr=/usr/mpfr-2.4.2 --with-mpc=/usr/mpc-0.8.1 --disable-multilib
Thread model: posix
gcc version 5.1.0 (GCC) 
COLLECT_GCC_OPTIONS='-D' '__CUDA_ARCH__=520' '-E' '-D' 'CUDA_DOUBLE_MATH_FUNCTIONS' '-D' '__CUDACC__' '-D' '__NVCC__' '-v' '-I' '/usr/local/cuda-11.1/bin/../targets/x86_64-linux/include' '-D' '__CUDACC_VER_MAJOR__=11' '-D' '__CUDACC_VER_MINOR__=1' '-D' '__CUDACC_VER_BUILD__=74' '-D' '__CUDA_API_VER_MAJOR__=11' '-D' '__CUDA_API_VER_MINOR__=1' '-include' 'cuda_runtime.h' '-m64' '-o' '/tmp/tmpxft_00002ce4_00000000-7_CMakeCUDACompilerABI.cpp1.ii' '-mtune=generic' '-march=x86-64'
 /usr/gcc/libexec/gcc/x86_64-unknown-linux-gnu/5.1.0/cc1plus -E -quiet -v -I /usr/local/cuda-11.1/bin/../targets/x86_64-linux/include -D_GNU_SOURCE -D __CUDA_ARCH__=520 -D CUDA_DOUBLE_MATH_FUNCTIONS -D __CUDACC__ -D __NVCC__ -D __CUDACC_VER_MAJOR__=11 -D __CUDACC_VER_MINOR__=1 -D __CUDACC_VER_BUILD__=74 -D __CUDA_API_VER_MAJOR__=11 -D __CUDA_API_VER_MINOR__=1 -include cuda_runtime.h /usr/local/share/cmake-3.20/Modules/CMakeCUDACompilerABI.cu -o /tmp/tmpxft_00002ce4_00000000-7_CMakeCUDACompilerABI.cpp1.ii -m64 -mtune=generic -march=x86-64
ignoring nonexistent directory "/usr/gcc/lib/gcc/x86_64-unknown-linux-gnu/5.1.0/../../../../x86_64-unknown-linux-gnu/include"
#include "..." search starts here:
#include <...> search starts here:
 /usr/local/cuda-11.1/bin/../targets/x86_64-linux/include
 /usr/gcc/lib/gcc/x86_64-unknown-linux-gnu/5.1.0/../../../../include/c++/5.1.0
 /usr/gcc/lib/gcc/x86_64-unknown-linux-gnu/5.1.0/../../../../include/c++/5.1.0/x86_64-unknown-linux-gnu
 /usr/gcc/lib/gcc/x86_64-unknown-linux-gnu/5.1.0/../../../../include/c++/5.1.0/backward
 /usr/gcc/lib/gcc/x86_64-unknown-linux-gnu/5.1.0/include
 /usr/local/include
 /usr/gcc/include
 /usr/gcc/lib/gcc/x86_64-unknown-linux-gnu/5.1.0/include-fixed
 /usr/include
End of search list.
COMPILER_PATH=/usr/gcc/libexec/gcc/x86_64-unknown-linux-gnu/5.1.0/:/usr/gcc/libexec/gcc/x86_64-unknown-linux-gnu/5.1.0/:/usr/gcc/libexec/gcc/x86_64-unknown-linux-gnu/:/usr/gcc/lib/gcc/x86_64-unknown-linux-gnu/5.1.0/:/usr/gcc/lib/gcc/x86_64-unknown-linux-gnu/
LIBRARY_PATH=/usr/gcc/lib/gcc/x86_64-unknown-linux-gnu/5.1.0/:/usr/gcc/lib/gcc/x86_64-unknown-linux-gnu/5.1.0/../../../../lib64/:/lib/../lib64/:/usr/lib/../lib64/:/usr/gcc/lib/gcc/x86_64-unknown-linux-gnu/5.1.0/../../../:/lib/:/usr/lib/
COLLECT_GCC_OPTIONS='-D' '__CUDA_ARCH__=520' '-E' '-D' 'CUDA_DOUBLE_MATH_FUNCTIONS' '-D' '__CUDACC__' '-D' '__NVCC__' '-v' '-I' '/usr/local/cuda-11.1/bin/../targets/x86_64-linux/include' '-D' '__CUDACC_VER_MAJOR__=11' '-D' '__CUDACC_VER_MINOR__=1' '-D' '__CUDACC_VER_BUILD__=74' '-D' '__CUDA_API_VER_MAJOR__=11' '-D' '__CUDA_API_VER_MINOR__=1' '-include' 'cuda_runtime.h' '-m64' '-o' '/tmp/tmpxft_00002ce4_00000000-7_CMakeCUDACompilerABI.cpp1.ii' '-mtune=generic' '-march=x86-64'
Using built-in specs.
COLLECT_GCC=gcc
Target: x86_64-unknown-linux-gnu
Configured with: ./configure --prefix=/usr/gcc --enable-languages=c,c++ --with-gmp=/usr/gmp-4.3.2 --with-mpfr=/usr/mpfr-2.4.2 --with-mpc=/usr/mpc-0.8.1 --disable-multilib
Thread model: posix
gcc version 5.1.0 (GCC) 
COLLECT_GCC_OPTIONS='-E' '-D' '__CUDACC__' '-D' '__NVCC__' '-v' '-I' '/usr/local/cuda-11.1/bin/../targets/x86_64-linux/include' '-D' '__CUDACC_VER_MAJOR__=11' '-D' '__CUDACC_VER_MINOR__=1' '-D' '__CUDACC_VER_BUILD__=74' '-D' '__CUDA_API_VER_MAJOR__=11' '-D' '__CUDA_API_VER_MINOR__=1' '-include' 'cuda_runtime.h' '-m64' '-o' '/tmp/tmpxft_00002ce4_00000000-5_CMakeCUDACompilerABI.cpp4.ii' '-mtune=generic' '-march=x86-64'
 /usr/gcc/libexec/gcc/x86_64-unknown-linux-gnu/5.1.0/cc1plus -E -quiet -v -I /usr/local/cuda-11.1/bin/../targets/x86_64-linux/include -D_GNU_SOURCE -D __CUDACC__ -D __NVCC__ -D __CUDACC_VER_MAJOR__=11 -D __CUDACC_VER_MINOR__=1 -D __CUDACC_VER_BUILD__=74 -D __CUDA_API_VER_MAJOR__=11 -D __CUDA_API_VER_MINOR__=1 -include cuda_runtime.h /usr/local/share/cmake-3.20/Modules/CMakeCUDACompilerABI.cu -o /tmp/tmpxft_00002ce4_00000000-5_CMakeCUDACompilerABI.cpp4.ii -m64 -mtune=generic -march=x86-64
ignoring nonexistent directory "/usr/gcc/lib/gcc/x86_64-unknown-linux-gnu/5.1.0/../../../../x86_64-unknown-linux-gnu/include"
#include "..." search starts here:
#include <...> search starts here:
 /usr/local/cuda-11.1/bin/../targets/x86_64-linux/include
 /usr/gcc/lib/gcc/x86_64-unknown-linux-gnu/5.1.0/../../../../include/c++/5.1.0
 /usr/gcc/lib/gcc/x86_64-unknown-linux-gnu/5.1.0/../../../../include/c++/5.1.0/x86_64-unknown-linux-gnu
 /usr/gcc/lib/gcc/x86_64-unknown-linux-gnu/5.1.0/../../../../include/c++/5.1.0/backward
 /usr/gcc/lib/gcc/x86_64-unknown-linux-gnu/5.1.0/include
 /usr/local/include
 /usr/gcc/include
 /usr/gcc/lib/gcc/x86_64-unknown-linux-gnu/5.1.0/include-fixed
 /usr/include
End of search list.
COMPILER_PATH=/usr/gcc/libexec/gcc/x86_64-unknown-linux-gnu/5.1.0/:/usr/gcc/libexec/gcc/x86_64-unknown-linux-gnu/5.1.0/:/usr/gcc/libexec/gcc/x86_64-unknown-linux-gnu/:/usr/gcc/lib/gcc/x86_64-unknown-linux-gnu/5.1.0/:/usr/gcc/lib/gcc/x86_64-unknown-linux-gnu/
LIBRARY_PATH=/usr/gcc/lib/gcc/x86_64-unknown-linux-gnu/5.1.0/:/usr/gcc/lib/gcc/x86_64-unknown-linux-gnu/5.1.0/../../../../lib64/:/lib/../lib64/:/usr/lib/../lib64/:/usr/gcc/lib/gcc/x86_64-unknown-linux-gnu/5.1.0/../../../:/lib/:/usr/lib/
COLLECT_GCC_OPTIONS='-E' '-D' '__CUDACC__' '-D' '__NVCC__' '-v' '-I' '/usr/local/cuda-11.1/bin/../targets/x86_64-linux/include' '-D' '__CUDACC_VER_MAJOR__=11' '-D' '__CUDACC_VER_MINOR__=1' '-D' '__CUDACC_VER_BUILD__=74' '-D' '__CUDA_API_VER_MAJOR__=11' '-D' '__CUDA_API_VER_MINOR__=1' '-include' 'cuda_runtime.h' '-m64' '-o' '/tmp/tmpxft_00002ce4_00000000-5_CMakeCUDACompilerABI.cpp4.ii' '-mtune=generic' '-march=x86-64'
Using built-in specs.
COLLECT_GCC=gcc
Target: x86_64-unknown-linux-gnu
Configured with: ./configure --prefix=/usr/gcc --enable-languages=c,c++ --with-gmp=/usr/gmp-4.3.2 --with-mpfr=/usr/mpfr-2.4.2 --with-mpc=/usr/mpc-0.8.1 --disable-multilib
Thread model: posix
gcc version 5.1.0 (GCC) 
COLLECT_GCC_OPTIONS='-D' '__CUDA_ARCH__=520' '-c' '-D' 'CUDA_DOUBLE_MATH_FUNCTIONS' '-v' '-I' '/usr/local/cuda-11.1/bin/../targets/x86_64-linux/include' '-m64' '-o' 'CMakeFiles/cmTC_17aa6.dir/CMakeCUDACompilerABI.cu.o' '-mtune=generic' '-march=x86-64'
 /usr/gcc/libexec/gcc/x86_64-unknown-linux-gnu/5.1.0/cc1plus -quiet -v -I /usr/local/cuda-11.1/bin/../targets/x86_64-linux/include -D_GNU_SOURCE -D __CUDA_ARCH__=520 -D CUDA_DOUBLE_MATH_FUNCTIONS /tmp/tmpxft_00002ce4_00000000-6_CMakeCUDACompilerABI.cudafe1.cpp -quiet -dumpbase tmpxft_00002ce4_00000000-6_CMakeCUDACompilerABI.cudafe1.cpp -m64 -mtune=generic -march=x86-64 -auxbase-strip CMakeFiles/cmTC_17aa6.dir/CMakeCUDACompilerABI.cu.o -version -o /tmp/ccHP7Uhe.s
GNU C++ (GCC) version 5.1.0 (x86_64-unknown-linux-gnu)
	compiled by GNU C version 5.1.0, GMP version 4.3.2, MPFR version 2.4.2, MPC version 0.8.1
GGC heuristics: --param ggc-min-expand=100 --param ggc-min-heapsize=131072
ignoring nonexistent directory "/usr/gcc/lib/gcc/x86_64-unknown-linux-gnu/5.1.0/../../../../x86_64-unknown-linux-gnu/include"
#include "..." search starts here:
#include <...> search starts here:
 /usr/local/cuda-11.1/bin/../targets/x86_64-linux/include
 /usr/gcc/lib/gcc/x86_64-unknown-linux-gnu/5.1.0/../../../../include/c++/5.1.0
 /usr/gcc/lib/gcc/x86_64-unknown-linux-gnu/5.1.0/../../../../include/c++/5.1.0/x86_64-unknown-linux-gnu
 /usr/gcc/lib/gcc/x86_64-unknown-linux-gnu/5.1.0/../../../../include/c++/5.1.0/backward
 /usr/gcc/lib/gcc/x86_64-unknown-linux-gnu/5.1.0/include
 /usr/local/include
 /usr/gcc/include
 /usr/gcc/lib/gcc/x86_64-unknown-linux-gnu/5.1.0/include-fixed
 /usr/include
End of search list.
GNU C++ (GCC) version 5.1.0 (x86_64-unknown-linux-gnu)
	compiled by GNU C version 5.1.0, GMP version 4.3.2, MPFR version 2.4.2, MPC version 0.8.1
GGC heuristics: --param ggc-min-expand=100 --param ggc-min-heapsize=131072
Compiler executable checksum: dd5484e0542d38022c42ba0990081312
COLLECT_GCC_OPTIONS='-D' '__CUDA_ARCH__=520' '-c' '-D' 'CUDA_DOUBLE_MATH_FUNCTIONS' '-v' '-I' '/usr/local/cuda-11.1/bin/../targets/x86_64-linux/include' '-m64' '-o' 'CMakeFiles/cmTC_17aa6.dir/CMakeCUDACompilerABI.cu.o' '-mtune=generic' '-march=x86-64'
 as -v -I /usr/local/cuda-11.1/bin/../targets/x86_64-linux/include --64 -o CMakeFiles/cmTC_17aa6.dir/CMakeCUDACompilerABI.cu.o /tmp/ccHP7Uhe.s
GNU assembler version 2.27 (x86_64-redhat-linux) using BFD version version 2.27-34.base.el7
COMPILER_PATH=/usr/gcc/libexec/gcc/x86_64-unknown-linux-gnu/5.1.0/:/usr/gcc/libexec/gcc/x86_64-unknown-linux-gnu/5.1.0/:/usr/gcc/libexec/gcc/x86_64-unknown-linux-gnu/:/usr/gcc/lib/gcc/x86_64-unknown-linux-gnu/5.1.0/:/usr/gcc/lib/gcc/x86_64-unknown-linux-gnu/
LIBRARY_PATH=/usr/gcc/lib/gcc/x86_64-unknown-linux-gnu/5.1.0/:/usr/gcc/lib/gcc/x86_64-unknown-linux-gnu/5.1.0/../../../../lib64/:/lib/../lib64/:/usr/lib/../lib64/:/usr/gcc/lib/gcc/x86_64-unknown-linux-gnu/5.1.0/../../../:/lib/:/usr/lib/
COLLECT_GCC_OPTIONS='-D' '__CUDA_ARCH__=520' '-c' '-D' 'CUDA_DOUBLE_MATH_FUNCTIONS' '-v' '-I' '/usr/local/cuda-11.1/bin/../targets/x86_64-linux/include' '-m64' '-o' 'CMakeFiles/cmTC_17aa6.dir/CMakeCUDACompilerABI.cu.o' '-mtune=generic' '-march=x86-64'
Linking CUDA executable cmTC_17aa6
/usr/local/bin/cmake -E cmake_link_script CMakeFiles/cmTC_17aa6.dir/link.txt --verbose=1
/usr/bin/g++  -v CMakeFiles/cmTC_17aa6.dir/CMakeCUDACompilerABI.cu.o -o cmTC_17aa6  -lcudadevrt -lcudart_static -lrt -lpthread -ldl  -L"/usr/local/cuda-11.1/targets/x86_64-linux/lib/stubs" -L"/usr/local/cuda-11.1/targets/x86_64-linux/lib"
Using built-in specs.
COLLECT_GCC=/usr/bin/g++
COLLECT_LTO_WRAPPER=/usr/gcc/libexec/gcc/x86_64-unknown-linux-gnu/5.1.0/lto-wrapper
Target: x86_64-unknown-linux-gnu
Configured with: ./configure --prefix=/usr/gcc --enable-languages=c,c++ --with-gmp=/usr/gmp-4.3.2 --with-mpfr=/usr/mpfr-2.4.2 --with-mpc=/usr/mpc-0.8.1 --disable-multilib
Thread model: posix
gcc version 5.1.0 (GCC) 
COMPILER_PATH=/usr/gcc/libexec/gcc/x86_64-unknown-linux-gnu/5.1.0/:/usr/gcc/libexec/gcc/x86_64-unknown-linux-gnu/5.1.0/:/usr/gcc/libexec/gcc/x86_64-unknown-linux-gnu/:/usr/gcc/lib/gcc/x86_64-unknown-linux-gnu/5.1.0/:/usr/gcc/lib/gcc/x86_64-unknown-linux-gnu/
LIBRARY_PATH=/usr/gcc/lib/gcc/x86_64-unknown-linux-gnu/5.1.0/:/usr/gcc/lib/gcc/x86_64-unknown-linux-gnu/5.1.0/../../../../lib64/:/lib/../lib64/:/usr/lib/../lib64/:/usr/gcc/lib/gcc/x86_64-unknown-linux-gnu/5.1.0/../../../:/lib/:/usr/lib/
COLLECT_GCC_OPTIONS='-v' '-o' 'cmTC_17aa6' '-L/usr/local/cuda-11.1/targets/x86_64-linux/lib/stubs' '-L/usr/local/cuda-11.1/targets/x86_64-linux/lib' '-shared-libgcc' '-mtune=generic' '-march=x86-64'
 /usr/gcc/libexec/gcc/x86_64-unknown-linux-gnu/5.1.0/collect2 -plugin /usr/gcc/libexec/gcc/x86_64-unknown-linux-gnu/5.1.0/liblto_plugin.so -plugin-opt=/usr/gcc/libexec/gcc/x86_64-unknown-linux-gnu/5.1.0/lto-wrapper -plugin-opt=-fresolution=/tmp/cc7O9Rct.res -plugin-opt=-pass-through=-lgcc_s -plugin-opt=-pass-through=-lgcc -plugin-opt=-pass-through=-lc -plugin-opt=-pass-through=-lgcc_s -plugin-opt=-pass-through=-lgcc --eh-frame-hdr -m elf_x86_64 -dynamic-linker /lib64/ld-linux-x86-64.so.2 -o cmTC_17aa6 /lib/../lib64/crt1.o /lib/../lib64/crti.o /usr/gcc/lib/gcc/x86_64-unknown-linux-gnu/5.1.0/crtbegin.o -L/usr/local/cuda-11.1/targets/x86_64-linux/lib/stubs -L/usr/local/cuda-11.1/targets/x86_64-linux/lib -L/usr/gcc/lib/gcc/x86_64-unknown-linux-gnu/5.1.0 -L/usr/gcc/lib/gcc/x86_64-unknown-linux-gnu/5.1.0/../../../../lib64 -L/lib/../lib64 -L/usr/lib/../lib64 -L/usr/gcc/lib/gcc/x86_64-unknown-linux-gnu/5.1.0/../../.. CMakeFiles/cmTC_17aa6.dir/CMakeCUDACompilerABI.cu.o -lcudadevrt -lcudart_static -lrt -lpthread -ldl -lstdc++ -lm -lgcc_s -lgcc -lc -lgcc_s -lgcc /usr/gcc/lib/gcc/x86_64-unknown-linux-gnu/5.1.0/crtend.o /lib/../lib64/crtn.o
gmake[1]: Leaving directory `/home/xwm/DeepSVFilter/code/build/CMakeFiles/CMakeTmp'



Parsed CUDA implicit include dir info from above output: rv=done
  found start of include info
  found start of implicit include info
    add: [/usr/local/cuda-11.1/bin/../targets/x86_64-linux/include]
    add: [/usr/gcc/lib/gcc/x86_64-unknown-linux-gnu/5.1.0/../../../../include/c++/5.1.0]
    add: [/usr/gcc/lib/gcc/x86_64-unknown-linux-gnu/5.1.0/../../../../include/c++/5.1.0/x86_64-unknown-linux-gnu]
    add: [/usr/gcc/lib/gcc/x86_64-unknown-linux-gnu/5.1.0/../../../../include/c++/5.1.0/backward]
    add: [/usr/gcc/lib/gcc/x86_64-unknown-linux-gnu/5.1.0/include]
    add: [/usr/local/include]
    add: [/usr/gcc/include]
    add: [/usr/gcc/lib/gcc/x86_64-unknown-linux-gnu/5.1.0/include-fixed]
    add: [/usr/include]
  end of search list found
  collapse include dir [/usr/local/cuda-11.1/bin/../targets/x86_64-linux/include] ==> [/usr/local/cuda-11.1/targets/x86_64-linux/include]
  collapse include dir [/usr/gcc/lib/gcc/x86_64-unknown-linux-gnu/5.1.0/../../../../include/c++/5.1.0] ==> [/usr/gcc/include/c++/5.1.0]
  collapse include dir [/usr/gcc/lib/gcc/x86_64-unknown-linux-gnu/5.1.0/../../../../include/c++/5.1.0/x86_64-unknown-linux-gnu] ==> [/usr/gcc/include/c++/5.1.0/x86_64-unknown-linux-gnu]
  collapse include dir [/usr/gcc/lib/gcc/x86_64-unknown-linux-gnu/5.1.0/../../../../include/c++/5.1.0/backward] ==> [/usr/gcc/include/c++/5.1.0/backward]
  collapse include dir [/usr/gcc/lib/gcc/x86_64-unknown-linux-gnu/5.1.0/include] ==> [/usr/gcc/lib/gcc/x86_64-unknown-linux-gnu/5.1.0/include]
  collapse include dir [/usr/local/include] ==> [/usr/local/include]
  collapse include dir [/usr/gcc/include] ==> [/usr/gcc/include]
  collapse include dir [/usr/gcc/lib/gcc/x86_64-unknown-linux-gnu/5.1.0/include-fixed] ==> [/usr/gcc/lib/gcc/x86_64-unknown-linux-gnu/5.1.0/include-fixed]
  collapse include dir [/usr/include] ==> [/usr/include]
  implicit include dirs: [/usr/local/cuda-11.1/targets/x86_64-linux/include;/usr/gcc/include/c++/5.1.0;/usr/gcc/include/c++/5.1.0/x86_64-unknown-linux-gnu;/usr/gcc/include/c++/5.1.0/backward;/usr/gcc/lib/gcc/x86_64-unknown-linux-gnu/5.1.0/include;/usr/local/include;/usr/gcc/include;/usr/gcc/lib/gcc/x86_64-unknown-linux-gnu/5.1.0/include-fixed;/usr/include]


Parsed CUDA implicit link information from above output:
  link line regex: [^( *|.*[/\])(ld|CMAKE_LINK_STARTFILE-NOTFOUND|([^/\]+-)?ld|collect2)[^/\]*( |$)]
  ignore line: [Change Dir: /home/xwm/DeepSVFilter/code/build/CMakeFiles/CMakeTmp]
  ignore line: []
  ignore line: [Run Build Command(s):/usr/bin/gmake -f Makefile cmTC_17aa6/fast && /usr/bin/gmake  -f CMakeFiles/cmTC_17aa6.dir/build.make CMakeFiles/cmTC_17aa6.dir/build]
  ignore line: [gmake[1]: Entering directory `/home/xwm/DeepSVFilter/code/build/CMakeFiles/CMakeTmp']
  ignore line: [Building CUDA object CMakeFiles/cmTC_17aa6.dir/CMakeCUDACompilerABI.cu.o]
  ignore line: [/usr/local/cuda-11.1/bin/nvcc -forward-unknown-to-host-compiler   -Xcompiler=-v -MD -MT CMakeFiles/cmTC_17aa6.dir/CMakeCUDACompilerABI.cu.o -MF CMakeFiles/cmTC_17aa6.dir/CMakeCUDACompilerABI.cu.o.d -x cu -c /usr/local/share/cmake-3.20/Modules/CMakeCUDACompilerABI.cu -o CMakeFiles/cmTC_17aa6.dir/CMakeCUDACompilerABI.cu.o]
  ignore line: [Using built-in specs.]
  ignore line: [COLLECT_GCC=gcc]
  ignore line: [Target: x86_64-unknown-linux-gnu]
  ignore line: [Configured with: ./configure --prefix=/usr/gcc --enable-languages=c c++ --with-gmp=/usr/gmp-4.3.2 --with-mpfr=/usr/mpfr-2.4.2 --with-mpc=/usr/mpc-0.8.1 --disable-multilib]
  ignore line: [Thread model: posix]
  ignore line: [gcc version 5.1.0 (GCC) ]
  ignore line: [COLLECT_GCC_OPTIONS='-D' '__CUDA_ARCH__=520' '-E' '-D' 'CUDA_DOUBLE_MATH_FUNCTIONS' '-D' '__CUDACC__' '-D' '__NVCC__' '-v' '-I' '/usr/local/cuda-11.1/bin/../targets/x86_64-linux/include' '-D' '__CUDACC_VER_MAJOR__=11' '-D' '__CUDACC_VER_MINOR__=1' '-D' '__CUDACC_VER_BUILD__=74' '-D' '__CUDA_API_VER_MAJOR__=11' '-D' '__CUDA_API_VER_MINOR__=1' '-include' 'cuda_runtime.h' '-m64' '-o' '/tmp/tmpxft_00002ce4_00000000-7_CMakeCUDACompilerABI.cpp1.ii' '-mtune=generic' '-march=x86-64']
  ignore line: [ /usr/gcc/libexec/gcc/x86_64-unknown-linux-gnu/5.1.0/cc1plus -E -quiet -v -I /usr/local/cuda-11.1/bin/../targets/x86_64-linux/include -D_GNU_SOURCE -D __CUDA_ARCH__=520 -D CUDA_DOUBLE_MATH_FUNCTIONS -D __CUDACC__ -D __NVCC__ -D __CUDACC_VER_MAJOR__=11 -D __CUDACC_VER_MINOR__=1 -D __CUDACC_VER_BUILD__=74 -D __CUDA_API_VER_MAJOR__=11 -D __CUDA_API_VER_MINOR__=1 -include cuda_runtime.h /usr/local/share/cmake-3.20/Modules/CMakeCUDACompilerABI.cu -o /tmp/tmpxft_00002ce4_00000000-7_CMakeCUDACompilerABI.cpp1.ii -m64 -mtune=generic -march=x86-64]
  ignore line: [ignoring nonexistent directory "/usr/gcc/lib/gcc/x86_64-unknown-linux-gnu/5.1.0/../../../../x86_64-unknown-linux-gnu/include"]
  ignore line: [#include "..." search starts here:]
  ignore line: [#include <...> search starts here:]
  ignore line: [ /usr/local/cuda-11.1/bin/../targets/x86_64-linux/include]
  ignore line: [ /usr/gcc/lib/gcc/x86_64-unknown-linux-gnu/5.1.0/../../../../include/c++/5.1.0]
  ignore line: [ /usr/gcc/lib/gcc/x86_64-unknown-linux-gnu/5.1.0/../../../../include/c++/5.1.0/x86_64-unknown-linux-gnu]
  ignore line: [ /usr/gcc/lib/gcc/x86_64-unknown-linux-gnu/5.1.0/../../../../include/c++/5.1.0/backward]
  ignore line: [ /usr/gcc/lib/gcc/x86_64-unknown-linux-gnu/5.1.0/include]
  ignore line: [ /usr/local/include]
  ignore line: [ /usr/gcc/include]
  ignore line: [ /usr/gcc/lib/gcc/x86_64-unknown-linux-gnu/5.1.0/include-fixed]
  ignore line: [ /usr/include]
  ignore line: [End of search list.]
  ignore line: [COMPILER_PATH=/usr/gcc/libexec/gcc/x86_64-unknown-linux-gnu/5.1.0/:/usr/gcc/libexec/gcc/x86_64-unknown-linux-gnu/5.1.0/:/usr/gcc/libexec/gcc/x86_64-unknown-linux-gnu/:/usr/gcc/lib/gcc/x86_64-unknown-linux-gnu/5.1.0/:/usr/gcc/lib/gcc/x86_64-unknown-linux-gnu/]
  ignore line: [LIBRARY_PATH=/usr/gcc/lib/gcc/x86_64-unknown-linux-gnu/5.1.0/:/usr/gcc/lib/gcc/x86_64-unknown-linux-gnu/5.1.0/../../../../lib64/:/lib/../lib64/:/usr/lib/../lib64/:/usr/gcc/lib/gcc/x86_64-unknown-linux-gnu/5.1.0/../../../:/lib/:/usr/lib/]
  ignore line: [COLLECT_GCC_OPTIONS='-D' '__CUDA_ARCH__=520' '-E' '-D' 'CUDA_DOUBLE_MATH_FUNCTIONS' '-D' '__CUDACC__' '-D' '__NVCC__' '-v' '-I' '/usr/local/cuda-11.1/bin/../targets/x86_64-linux/include' '-D' '__CUDACC_VER_MAJOR__=11' '-D' '__CUDACC_VER_MINOR__=1' '-D' '__CUDACC_VER_BUILD__=74' '-D' '__CUDA_API_VER_MAJOR__=11' '-D' '__CUDA_API_VER_MINOR__=1' '-include' 'cuda_runtime.h' '-m64' '-o' '/tmp/tmpxft_00002ce4_00000000-7_CMakeCUDACompilerABI.cpp1.ii' '-mtune=generic' '-march=x86-64']
  ignore line: [Using built-in specs.]
  ignore line: [COLLECT_GCC=gcc]
  ignore line: [Target: x86_64-unknown-linux-gnu]
  ignore line: [Configured with: ./configure --prefix=/usr/gcc --enable-languages=c c++ --with-gmp=/usr/gmp-4.3.2 --with-mpfr=/usr/mpfr-2.4.2 --with-mpc=/usr/mpc-0.8.1 --disable-multilib]
  ignore line: [Thread model: posix]
  ignore line: [gcc version 5.1.0 (GCC) ]
  ignore line: [COLLECT_GCC_OPTIONS='-E' '-D' '__CUDACC__' '-D' '__NVCC__' '-v' '-I' '/usr/local/cuda-11.1/bin/../targets/x86_64-linux/include' '-D' '__CUDACC_VER_MAJOR__=11' '-D' '__CUDACC_VER_MINOR__=1' '-D' '__CUDACC_VER_BUILD__=74' '-D' '__CUDA_API_VER_MAJOR__=11' '-D' '__CUDA_API_VER_MINOR__=1' '-include' 'cuda_runtime.h' '-m64' '-o' '/tmp/tmpxft_00002ce4_00000000-5_CMakeCUDACompilerABI.cpp4.ii' '-mtune=generic' '-march=x86-64']
  ignore line: [ /usr/gcc/libexec/gcc/x86_64-unknown-linux-gnu/5.1.0/cc1plus -E -quiet -v -I /usr/local/cuda-11.1/bin/../targets/x86_64-linux/include -D_GNU_SOURCE -D __CUDACC__ -D __NVCC__ -D __CUDACC_VER_MAJOR__=11 -D __CUDACC_VER_MINOR__=1 -D __CUDACC_VER_BUILD__=74 -D __CUDA_API_VER_MAJOR__=11 -D __CUDA_API_VER_MINOR__=1 -include cuda_runtime.h /usr/local/share/cmake-3.20/Modules/CMakeCUDACompilerABI.cu -o /tmp/tmpxft_00002ce4_00000000-5_CMakeCUDACompilerABI.cpp4.ii -m64 -mtune=generic -march=x86-64]
  ignore line: [ignoring nonexistent directory "/usr/gcc/lib/gcc/x86_64-unknown-linux-gnu/5.1.0/../../../../x86_64-unknown-linux-gnu/include"]
  ignore line: [#include "..." search starts here:]
  ignore line: [#include <...> search starts here:]
  ignore line: [ /usr/local/cuda-11.1/bin/../targets/x86_64-linux/include]
  ignore line: [ /usr/gcc/lib/gcc/x86_64-unknown-linux-gnu/5.1.0/../../../../include/c++/5.1.0]
  ignore line: [ /usr/gcc/lib/gcc/x86_64-unknown-linux-gnu/5.1.0/../../../../include/c++/5.1.0/x86_64-unknown-linux-gnu]
  ignore line: [ /usr/gcc/lib/gcc/x86_64-unknown-linux-gnu/5.1.0/../../../../include/c++/5.1.0/backward]
  ignore line: [ /usr/gcc/lib/gcc/x86_64-unknown-linux-gnu/5.1.0/include]
  ignore line: [ /usr/local/include]
  ignore line: [ /usr/gcc/include]
  ignore line: [ /usr/gcc/lib/gcc/x86_64-unknown-linux-gnu/5.1.0/include-fixed]
  ignore line: [ /usr/include]
  ignore line: [End of search list.]
  ignore line: [COMPILER_PATH=/usr/gcc/libexec/gcc/x86_64-unknown-linux-gnu/5.1.0/:/usr/gcc/libexec/gcc/x86_64-unknown-linux-gnu/5.1.0/:/usr/gcc/libexec/gcc/x86_64-unknown-linux-gnu/:/usr/gcc/lib/gcc/x86_64-unknown-linux-gnu/5.1.0/:/usr/gcc/lib/gcc/x86_64-unknown-linux-gnu/]
  ignore line: [LIBRARY_PATH=/usr/gcc/lib/gcc/x86_64-unknown-linux-gnu/5.1.0/:/usr/gcc/lib/gcc/x86_64-unknown-linux-gnu/5.1.0/../../../../lib64/:/lib/../lib64/:/usr/lib/../lib64/:/usr/gcc/lib/gcc/x86_64-unknown-linux-gnu/5.1.0/../../../:/lib/:/usr/lib/]
  ignore line: [COLLECT_GCC_OPTIONS='-E' '-D' '__CUDACC__' '-D' '__NVCC__' '-v' '-I' '/usr/local/cuda-11.1/bin/../targets/x86_64-linux/include' '-D' '__CUDACC_VER_MAJOR__=11' '-D' '__CUDACC_VER_MINOR__=1' '-D' '__CUDACC_VER_BUILD__=74' '-D' '__CUDA_API_VER_MAJOR__=11' '-D' '__CUDA_API_VER_MINOR__=1' '-include' 'cuda_runtime.h' '-m64' '-o' '/tmp/tmpxft_00002ce4_00000000-5_CMakeCUDACompilerABI.cpp4.ii' '-mtune=generic' '-march=x86-64']
  ignore line: [Using built-in specs.]
  ignore line: [COLLECT_GCC=gcc]
  ignore line: [Target: x86_64-unknown-linux-gnu]
  ignore line: [Configured with: ./configure --prefix=/usr/gcc --enable-languages=c c++ --with-gmp=/usr/gmp-4.3.2 --with-mpfr=/usr/mpfr-2.4.2 --with-mpc=/usr/mpc-0.8.1 --disable-multilib]
  ignore line: [Thread model: posix]
  ignore line: [gcc version 5.1.0 (GCC) ]
  ignore line: [COLLECT_GCC_OPTIONS='-D' '__CUDA_ARCH__=520' '-c' '-D' 'CUDA_DOUBLE_MATH_FUNCTIONS' '-v' '-I' '/usr/local/cuda-11.1/bin/../targets/x86_64-linux/include' '-m64' '-o' 'CMakeFiles/cmTC_17aa6.dir/CMakeCUDACompilerABI.cu.o' '-mtune=generic' '-march=x86-64']
  ignore line: [ /usr/gcc/libexec/gcc/x86_64-unknown-linux-gnu/5.1.0/cc1plus -quiet -v -I /usr/local/cuda-11.1/bin/../targets/x86_64-linux/include -D_GNU_SOURCE -D __CUDA_ARCH__=520 -D CUDA_DOUBLE_MATH_FUNCTIONS /tmp/tmpxft_00002ce4_00000000-6_CMakeCUDACompilerABI.cudafe1.cpp -quiet -dumpbase tmpxft_00002ce4_00000000-6_CMakeCUDACompilerABI.cudafe1.cpp -m64 -mtune=generic -march=x86-64 -auxbase-strip CMakeFiles/cmTC_17aa6.dir/CMakeCUDACompilerABI.cu.o -version -o /tmp/ccHP7Uhe.s]
  ignore line: [GNU C++ (GCC) version 5.1.0 (x86_64-unknown-linux-gnu)]
  ignore line: [	compiled by GNU C version 5.1.0  GMP version 4.3.2  MPFR version 2.4.2  MPC version 0.8.1]
  ignore line: [GGC heuristics: --param ggc-min-expand=100 --param ggc-min-heapsize=131072]
  ignore line: [ignoring nonexistent directory "/usr/gcc/lib/gcc/x86_64-unknown-linux-gnu/5.1.0/../../../../x86_64-unknown-linux-gnu/include"]
  ignore line: [#include "..." search starts here:]
  ignore line: [#include <...> search starts here:]
  ignore line: [ /usr/local/cuda-11.1/bin/../targets/x86_64-linux/include]
  ignore line: [ /usr/gcc/lib/gcc/x86_64-unknown-linux-gnu/5.1.0/../../../../include/c++/5.1.0]
  ignore line: [ /usr/gcc/lib/gcc/x86_64-unknown-linux-gnu/5.1.0/../../../../include/c++/5.1.0/x86_64-unknown-linux-gnu]
  ignore line: [ /usr/gcc/lib/gcc/x86_64-unknown-linux-gnu/5.1.0/../../../../include/c++/5.1.0/backward]
  ignore line: [ /usr/gcc/lib/gcc/x86_64-unknown-linux-gnu/5.1.0/include]
  ignore line: [ /usr/local/include]
  ignore line: [ /usr/gcc/include]
  ignore line: [ /usr/gcc/lib/gcc/x86_64-unknown-linux-gnu/5.1.0/include-fixed]
  ignore line: [ /usr/include]
  ignore line: [End of search list.]
  ignore line: [GNU C++ (GCC) version 5.1.0 (x86_64-unknown-linux-gnu)]
  ignore line: [	compiled by GNU C version 5.1.0  GMP version 4.3.2  MPFR version 2.4.2  MPC version 0.8.1]
  ignore line: [GGC heuristics: --param ggc-min-expand=100 --param ggc-min-heapsize=131072]
  ignore line: [Compiler executable checksum: dd5484e0542d38022c42ba0990081312]
  ignore line: [COLLECT_GCC_OPTIONS='-D' '__CUDA_ARCH__=520' '-c' '-D' 'CUDA_DOUBLE_MATH_FUNCTIONS' '-v' '-I' '/usr/local/cuda-11.1/bin/../targets/x86_64-linux/include' '-m64' '-o' 'CMakeFiles/cmTC_17aa6.dir/CMakeCUDACompilerABI.cu.o' '-mtune=generic' '-march=x86-64']
  ignore line: [ as -v -I /usr/local/cuda-11.1/bin/../targets/x86_64-linux/include --64 -o CMakeFiles/cmTC_17aa6.dir/CMakeCUDACompilerABI.cu.o /tmp/ccHP7Uhe.s]
  ignore line: [GNU assembler version 2.27 (x86_64-redhat-linux) using BFD version version 2.27-34.base.el7]
  ignore line: [COMPILER_PATH=/usr/gcc/libexec/gcc/x86_64-unknown-linux-gnu/5.1.0/:/usr/gcc/libexec/gcc/x86_64-unknown-linux-gnu/5.1.0/:/usr/gcc/libexec/gcc/x86_64-unknown-linux-gnu/:/usr/gcc/lib/gcc/x86_64-unknown-linux-gnu/5.1.0/:/usr/gcc/lib/gcc/x86_64-unknown-linux-gnu/]
  ignore line: [LIBRARY_PATH=/usr/gcc/lib/gcc/x86_64-unknown-linux-gnu/5.1.0/:/usr/gcc/lib/gcc/x86_64-unknown-linux-gnu/5.1.0/../../../../lib64/:/lib/../lib64/:/usr/lib/../lib64/:/usr/gcc/lib/gcc/x86_64-unknown-linux-gnu/5.1.0/../../../:/lib/:/usr/lib/]
  ignore line: [COLLECT_GCC_OPTIONS='-D' '__CUDA_ARCH__=520' '-c' '-D' 'CUDA_DOUBLE_MATH_FUNCTIONS' '-v' '-I' '/usr/local/cuda-11.1/bin/../targets/x86_64-linux/include' '-m64' '-o' 'CMakeFiles/cmTC_17aa6.dir/CMakeCUDACompilerABI.cu.o' '-mtune=generic' '-march=x86-64']
  ignore line: [Linking CUDA executable cmTC_17aa6]
  ignore line: [/usr/local/bin/cmake -E cmake_link_script CMakeFiles/cmTC_17aa6.dir/link.txt --verbose=1]
  ignore line: [/usr/bin/g++  -v CMakeFiles/cmTC_17aa6.dir/CMakeCUDACompilerABI.cu.o -o cmTC_17aa6  -lcudadevrt -lcudart_static -lrt -lpthread -ldl  -L"/usr/local/cuda-11.1/targets/x86_64-linux/lib/stubs" -L"/usr/local/cuda-11.1/targets/x86_64-linux/lib"]
  ignore line: [Using built-in specs.]
  ignore line: [COLLECT_GCC=/usr/bin/g++]
  ignore line: [COLLECT_LTO_WRAPPER=/usr/gcc/libexec/gcc/x86_64-unknown-linux-gnu/5.1.0/lto-wrapper]
  ignore line: [Target: x86_64-unknown-linux-gnu]
  ignore line: [Configured with: ./configure --prefix=/usr/gcc --enable-languages=c c++ --with-gmp=/usr/gmp-4.3.2 --with-mpfr=/usr/mpfr-2.4.2 --with-mpc=/usr/mpc-0.8.1 --disable-multilib]
  ignore line: [Thread model: posix]
  ignore line: [gcc version 5.1.0 (GCC) ]
  ignore line: [COMPILER_PATH=/usr/gcc/libexec/gcc/x86_64-unknown-linux-gnu/5.1.0/:/usr/gcc/libexec/gcc/x86_64-unknown-linux-gnu/5.1.0/:/usr/gcc/libexec/gcc/x86_64-unknown-linux-gnu/:/usr/gcc/lib/gcc/x86_64-unknown-linux-gnu/5.1.0/:/usr/gcc/lib/gcc/x86_64-unknown-linux-gnu/]
  ignore line: [LIBRARY_PATH=/usr/gcc/lib/gcc/x86_64-unknown-linux-gnu/5.1.0/:/usr/gcc/lib/gcc/x86_64-unknown-linux-gnu/5.1.0/../../../../lib64/:/lib/../lib64/:/usr/lib/../lib64/:/usr/gcc/lib/gcc/x86_64-unknown-linux-gnu/5.1.0/../../../:/lib/:/usr/lib/]
  ignore line: [COLLECT_GCC_OPTIONS='-v' '-o' 'cmTC_17aa6' '-L/usr/local/cuda-11.1/targets/x86_64-linux/lib/stubs' '-L/usr/local/cuda-11.1/targets/x86_64-linux/lib' '-shared-libgcc' '-mtune=generic' '-march=x86-64']
  link line: [ /usr/gcc/libexec/gcc/x86_64-unknown-linux-gnu/5.1.0/collect2 -plugin /usr/gcc/libexec/gcc/x86_64-unknown-linux-gnu/5.1.0/liblto_plugin.so -plugin-opt=/usr/gcc/libexec/gcc/x86_64-unknown-linux-gnu/5.1.0/lto-wrapper -plugin-opt=-fresolution=/tmp/cc7O9Rct.res -plugin-opt=-pass-through=-lgcc_s -plugin-opt=-pass-through=-lgcc -plugin-opt=-pass-through=-lc -plugin-opt=-pass-through=-lgcc_s -plugin-opt=-pass-through=-lgcc --eh-frame-hdr -m elf_x86_64 -dynamic-linker /lib64/ld-linux-x86-64.so.2 -o cmTC_17aa6 /lib/../lib64/crt1.o /lib/../lib64/crti.o /usr/gcc/lib/gcc/x86_64-unknown-linux-gnu/5.1.0/crtbegin.o -L/usr/local/cuda-11.1/targets/x86_64-linux/lib/stubs -L/usr/local/cuda-11.1/targets/x86_64-linux/lib -L/usr/gcc/lib/gcc/x86_64-unknown-linux-gnu/5.1.0 -L/usr/gcc/lib/gcc/x86_64-unknown-linux-gnu/5.1.0/../../../../lib64 -L/lib/../lib64 -L/usr/lib/../lib64 -L/usr/gcc/lib/gcc/x86_64-unknown-linux-gnu/5.1.0/../../.. CMakeFiles/cmTC_17aa6.dir/CMakeCUDACompilerABI.cu.o -lcudadevrt -lcudart_static -lrt -lpthread -ldl -lstdc++ -lm -lgcc_s -lgcc -lc -lgcc_s -lgcc /usr/gcc/lib/gcc/x86_64-unknown-linux-gnu/5.1.0/crtend.o /lib/../lib64/crtn.o]
    arg [/usr/gcc/libexec/gcc/x86_64-unknown-linux-gnu/5.1.0/collect2] ==> ignore
    arg [-plugin] ==> ignore
    arg [/usr/gcc/libexec/gcc/x86_64-unknown-linux-gnu/5.1.0/liblto_plugin.so] ==> ignore
    arg [-plugin-opt=/usr/gcc/libexec/gcc/x86_64-unknown-linux-gnu/5.1.0/lto-wrapper] ==> ignore
    arg [-plugin-opt=-fresolution=/tmp/cc7O9Rct.res] ==> ignore
    arg [-plugin-opt=-pass-through=-lgcc_s] ==> ignore
    arg [-plugin-opt=-pass-through=-lgcc] ==> ignore
    arg [-plugin-opt=-pass-through=-lc] ==> ignore
    arg [-plugin-opt=-pass-through=-lgcc_s] ==> ignore
    arg [-plugin-opt=-pass-through=-lgcc] ==> ignore
    arg [--eh-frame-hdr] ==> ignore
    arg [-m] ==> ignore
    arg [elf_x86_64] ==> ignore
    arg [-dynamic-linker] ==> ignore
    arg [/lib64/ld-linux-x86-64.so.2] ==> ignore
    arg [-o] ==> ignore
    arg [cmTC_17aa6] ==> ignore
    arg [/lib/../lib64/crt1.o] ==> obj [/lib/../lib64/crt1.o]
    arg [/lib/../lib64/crti.o] ==> obj [/lib/../lib64/crti.o]
    arg [/usr/gcc/lib/gcc/x86_64-unknown-linux-gnu/5.1.0/crtbegin.o] ==> obj [/usr/gcc/lib/gcc/x86_64-unknown-linux-gnu/5.1.0/crtbegin.o]
    arg [-L/usr/local/cuda-11.1/targets/x86_64-linux/lib/stubs] ==> dir [/usr/local/cuda-11.1/targets/x86_64-linux/lib/stubs]
    arg [-L/usr/local/cuda-11.1/targets/x86_64-linux/lib] ==> dir [/usr/local/cuda-11.1/targets/x86_64-linux/lib]
    arg [-L/usr/gcc/lib/gcc/x86_64-unknown-linux-gnu/5.1.0] ==> dir [/usr/gcc/lib/gcc/x86_64-unknown-linux-gnu/5.1.0]
    arg [-L/usr/gcc/lib/gcc/x86_64-unknown-linux-gnu/5.1.0/../../../../lib64] ==> dir [/usr/gcc/lib/gcc/x86_64-unknown-linux-gnu/5.1.0/../../../../lib64]
    arg [-L/lib/../lib64] ==> dir [/lib/../lib64]
    arg [-L/usr/lib/../lib64] ==> dir [/usr/lib/../lib64]
    arg [-L/usr/gcc/lib/gcc/x86_64-unknown-linux-gnu/5.1.0/../../..] ==> dir [/usr/gcc/lib/gcc/x86_64-unknown-linux-gnu/5.1.0/../../..]
    arg [CMakeFiles/cmTC_17aa6.dir/CMakeCUDACompilerABI.cu.o] ==> ignore
    arg [-lcudadevrt] ==> lib [cudadevrt]
    arg [-lcudart_static] ==> lib [cudart_static]
    arg [-lrt] ==> lib [rt]
    arg [-lpthread] ==> lib [pthread]
    arg [-ldl] ==> lib [dl]
    arg [-lstdc++] ==> lib [stdc++]
    arg [-lm] ==> lib [m]
    arg [-lgcc_s] ==> lib [gcc_s]
    arg [-lgcc] ==> lib [gcc]
    arg [-lc] ==> lib [c]
    arg [-lgcc_s] ==> lib [gcc_s]
    arg [-lgcc] ==> lib [gcc]
    arg [/usr/gcc/lib/gcc/x86_64-unknown-linux-gnu/5.1.0/crtend.o] ==> obj [/usr/gcc/lib/gcc/x86_64-unknown-linux-gnu/5.1.0/crtend.o]
    arg [/lib/../lib64/crtn.o] ==> obj [/lib/../lib64/crtn.o]
  collapse obj [/lib/../lib64/crt1.o] ==> [/lib64/crt1.o]
  collapse obj [/lib/../lib64/crti.o] ==> [/lib64/crti.o]
  collapse obj [/lib/../lib64/crtn.o] ==> [/lib64/crtn.o]
  collapse library dir [/usr/local/cuda-11.1/targets/x86_64-linux/lib/stubs] ==> [/usr/local/cuda-11.1/targets/x86_64-linux/lib/stubs]
  collapse library dir [/usr/local/cuda-11.1/targets/x86_64-linux/lib] ==> [/usr/local/cuda-11.1/targets/x86_64-linux/lib]
  collapse library dir [/usr/gcc/lib/gcc/x86_64-unknown-linux-gnu/5.1.0] ==> [/usr/gcc/lib/gcc/x86_64-unknown-linux-gnu/5.1.0]
  collapse library dir [/usr/gcc/lib/gcc/x86_64-unknown-linux-gnu/5.1.0/../../../../lib64] ==> [/usr/gcc/lib64]
  collapse library dir [/lib/../lib64] ==> [/lib64]
  collapse library dir [/usr/lib/../lib64] ==> [/usr/lib64]
  collapse library dir [/usr/gcc/lib/gcc/x86_64-unknown-linux-gnu/5.1.0/../../..] ==> [/usr/gcc/lib]
  implicit libs: [cudadevrt;cudart_static;rt;pthread;dl;stdc++;m;gcc_s;gcc;c;gcc_s;gcc]
  implicit objs: [/lib64/crt1.o;/lib64/crti.o;/usr/gcc/lib/gcc/x86_64-unknown-linux-gnu/5.1.0/crtbegin.o;/usr/gcc/lib/gcc/x86_64-unknown-linux-gnu/5.1.0/crtend.o;/lib64/crtn.o]
  implicit dirs: [/usr/local/cuda-11.1/targets/x86_64-linux/lib/stubs;/usr/local/cuda-11.1/targets/x86_64-linux/lib;/usr/gcc/lib/gcc/x86_64-unknown-linux-gnu/5.1.0;/usr/gcc/lib64;/lib64;/usr/lib64;/usr/gcc/lib]
  implicit fwks: []


